#-----------------------------------------------------------
# Vivado v2022.1 (64-bit)
# SW Build 3526262 on Mon Apr 18 15:48:16 MDT 2022
# IP Build 3524634 on Mon Apr 18 20:55:01 MDT 2022
# Start of session at: Sat May 20 17:56:33 2023
# Process ID: 16432
# Current directory: C:/Users/youssef3453/sequential_8_bit_multipier
# Command line: vivado.exe -gui_launcher_event rodinguilauncherevent13940 C:\Users\youssef3453\sequential_8_bit_multipier\sequential_8_bit_multipier.xpr
# Log file: C:/Users/youssef3453/sequential_8_bit_multipier/vivado.log
# Journal file: C:/Users/youssef3453/sequential_8_bit_multipier\vivado.jou
# Running On: CSE-P07-2165-09, OS: Windows, CPU Frequency: 3696 MHz, CPU Physical cores: 8, Host memory: 34020 MB
#-----------------------------------------------------------
start_gui
open_project C:/Users/youssef3453/sequential_8_bit_multipier/sequential_8_bit_multipier.xpr
WARNING: [Board 49-26] cannot add Board Part digilentinc.com:genesys2:part0:1.1 available at C:/Xilinx/Vivado/2022.1/data/boards/board_files/genesys2/H/board.xml as part xc7k325tffg900-2 specified in board_part file is either invalid or not available
WARNING: [Board 49-26] cannot add Board Part digilentinc.com:sword:part0:1.0 available at C:/Xilinx/Vivado/2022.1/data/boards/board_files/sword/C.0/board.xml as part xc7k325tffg900-2 specified in board_part file is either invalid or not available
WARNING: [Board 49-26] cannot add Board Part xilinx.com:kc705:part0:1.6 available at C:/Xilinx/Vivado/2022.1/data/xhub/boards/XilinxBoardStore/boards/Xilinx/kc705/1.6/board.xml as part xc7k325tffg900-2 specified in board_part file is either invalid or not available
WARNING: [Board 49-26] cannot add Board Part xilinx.com:kcu105:part0:1.6 available at C:/Xilinx/Vivado/2022.1/data/xhub/boards/XilinxBoardStore/boards/Xilinx/kcu105/1.6/board.xml as part xcku040-ffva1156-2-e specified in board_part file is either invalid or not available
WARNING: [Board 49-26] cannot add Board Part xilinx.com:kcu105:part0:1.7 available at C:/Xilinx/Vivado/2022.1/data/xhub/boards/XilinxBoardStore/boards/Xilinx/kcu105/1.7/board.xml as part xcku040-ffva1156-2-e specified in board_part file is either invalid or not available
WARNING: [Board 49-26] cannot add Board Part xilinx.com:kcu1500:part0:1.2 available at C:/Xilinx/Vivado/2022.1/data/xhub/boards/XilinxBoardStore/boards/Xilinx/kcu1500/1.2/board.xml as part xcku115-flvb2104-2-e specified in board_part file is either invalid or not available
WARNING: [Board 49-26] cannot add Board Part xilinx.com:vc707:part0:1.4 available at C:/Xilinx/Vivado/2022.1/data/xhub/boards/XilinxBoardStore/boards/Xilinx/vc707/1.4/board.xml as part xc7vx485tffg1761-2 specified in board_part file is either invalid or not available
WARNING: [Board 49-26] cannot add Board Part xilinx.com:vc709:part0:1.8 available at C:/Xilinx/Vivado/2022.1/data/xhub/boards/XilinxBoardStore/boards/Xilinx/vc709/1.8/board.xml as part xc7vx690tffg1761-2 specified in board_part file is either invalid or not available
WARNING: [Board 49-26] cannot add Board Part xilinx.com:vck190:part0:2.2 available at C:/Xilinx/Vivado/2022.1/data/xhub/boards/XilinxBoardStore/boards/Xilinx/vck190/production/2.2/board.xml as part xcvc1902-vsva2197-2mp-e-s specified in board_part file is either invalid or not available
WARNING: [Board 49-26] cannot add Board Part xilinx.com:vck190:part0:3.0 available at C:/Xilinx/Vivado/2022.1/data/xhub/boards/XilinxBoardStore/boards/Xilinx/vck190/production/3.0/board.xml as part xcvc1902-vsva2197-2mp-e-s specified in board_part file is either invalid or not available
WARNING: [Board 49-26] cannot add Board Part xilinx.com:vck190_newl:part0:1.0 available at C:/Xilinx/Vivado/2022.1/data/xhub/boards/XilinxBoardStore/boards/Xilinx/vck190_newl/production/1.0/board.xml as part xcvc1902-vsva2197-2mp-e-s specified in board_part file is either invalid or not available
WARNING: [Board 49-26] cannot add Board Part xilinx.com:vcu108:part0:1.6 available at C:/Xilinx/Vivado/2022.1/data/xhub/boards/XilinxBoardStore/boards/Xilinx/vcu108/1.6/board.xml as part xcvu095-ffva2104-2-e specified in board_part file is either invalid or not available
WARNING: [Board 49-26] cannot add Board Part xilinx.com:vcu108:part0:1.7 available at C:/Xilinx/Vivado/2022.1/data/xhub/boards/XilinxBoardStore/boards/Xilinx/vcu108/1.7/board.xml as part xcvu095-ffva2104-2-e specified in board_part file is either invalid or not available
WARNING: [Board 49-26] cannot add Board Part xilinx.com:vcu110:part0:1.4 available at C:/Xilinx/Vivado/2022.1/data/xhub/boards/XilinxBoardStore/boards/Xilinx/vcu110/1.4/board.xml as part xcvu190-flgc2104-2-e specified in board_part file is either invalid or not available
WARNING: [Board 49-26] cannot add Board Part xilinx.com:vcu118:part0:2.0 available at C:/Xilinx/Vivado/2022.1/data/xhub/boards/XilinxBoardStore/boards/Xilinx/vcu118/2.0/board.xml as part xcvu9p-flga2104-2l-e specified in board_part file is either invalid or not available
WARNING: [Board 49-26] cannot add Board Part xilinx.com:vcu118:part0:2.3 available at C:/Xilinx/Vivado/2022.1/data/xhub/boards/XilinxBoardStore/boards/Xilinx/vcu118/2.3/board.xml as part xcvu9p-flga2104-2l-e specified in board_part file is either invalid or not available
WARNING: [Board 49-26] cannot add Board Part xilinx.com:vcu118:part0:2.4 available at C:/Xilinx/Vivado/2022.1/data/xhub/boards/XilinxBoardStore/boards/Xilinx/vcu118/2.4/board.xml as part xcvu9p-flga2104-2l-e specified in board_part file is either invalid or not available
WARNING: [Board 49-26] cannot add Board Part xilinx.com:vcu128:part0:1.0 available at C:/Xilinx/Vivado/2022.1/data/xhub/boards/XilinxBoardStore/boards/Xilinx/vcu128/production/1.0/board.xml as part xcvu37p-fsvh2892-2l-e specified in board_part file is either invalid or not available
WARNING: [Board 49-26] cannot add Board Part xilinx.com:vcu129:part0:1.0 available at C:/Xilinx/Vivado/2022.1/data/xhub/boards/XilinxBoardStore/boards/Xilinx/vcu129/production/1.0/board.xml as part xcvu29p-fsga2577-2l-e specified in board_part file is either invalid or not available
WARNING: [Board 49-26] cannot add Board Part xilinx.com:vcu1525:part0:1.3 available at C:/Xilinx/Vivado/2022.1/data/xhub/boards/XilinxBoardStore/boards/Xilinx/vcu1525/1.3/board.xml as part xcvu9p-fsgd2104-2l-e specified in board_part file is either invalid or not available
WARNING: [Board 49-26] cannot add Board Part xilinx.com:vermeo_t1_mpsoc:part0:1.0 available at C:/Xilinx/Vivado/2022.1/data/xhub/boards/XilinxBoardStore/boards/Xilinx/vermeo_t1_mpsoc/1.0/board.xml as part xczu19eg-ffvd1760-2l-e specified in board_part file is either invalid or not available
WARNING: [Board 49-26] cannot add Board Part xilinx.com:vermeo_t1_rfsoc:part0:1.0 available at C:/Xilinx/Vivado/2022.1/data/xhub/boards/XilinxBoardStore/boards/Xilinx/vermeo_t1_rfsoc/1.0/board.xml as part xczu21dr-ffvd1156-2l-e specified in board_part file is either invalid or not available
WARNING: [Board 49-26] cannot add Board Part xilinx.com:vmk180:part0:2.2 available at C:/Xilinx/Vivado/2022.1/data/xhub/boards/XilinxBoardStore/boards/Xilinx/vmk180/production/2.2/board.xml as part xcvm1802-vsva2197-2mp-e-s specified in board_part file is either invalid or not available
WARNING: [Board 49-26] cannot add Board Part xilinx.com:vmk180:part0:3.0 available at C:/Xilinx/Vivado/2022.1/data/xhub/boards/XilinxBoardStore/boards/Xilinx/vmk180/production/3.0/board.xml as part xcvm1802-vsva2197-2mp-e-s specified in board_part file is either invalid or not available
WARNING: [Board 49-26] cannot add Board Part xilinx.com:vmk180_newl:part0:1.0 available at C:/Xilinx/Vivado/2022.1/data/xhub/boards/XilinxBoardStore/boards/Xilinx/vmk180_newl/production/1.0/board.xml as part xcvm1802-vsva2197-2mp-e-s specified in board_part file is either invalid or not available
WARNING: [Board 49-26] cannot add Board Part xilinx.com:vpk120_es:part0:1.2 available at C:/Xilinx/Vivado/2022.1/data/xhub/boards/XilinxBoardStore/boards/Xilinx/vpk120/es/1.2/board.xml as part xcvp1202-vsva2785-2mp-e-s-es1 specified in board_part file is either invalid or not available
WARNING: [Board 49-26] cannot add Board Part xilinx.com:vpk120_es_revb:part0:1.0 available at C:/Xilinx/Vivado/2022.1/data/xhub/boards/XilinxBoardStore/boards/Xilinx/vpk120_revb/es/1.0/board.xml as part xcvp1202-vsva2785-2mp-e-s-es1 specified in board_part file is either invalid or not available
WARNING: [Board 49-26] cannot add Board Part xilinx.com:zc706:part0:1.4 available at C:/Xilinx/Vivado/2022.1/data/xhub/boards/XilinxBoardStore/boards/Xilinx/zc706/1.4/board.xml as part xc7z045ffg900-2 specified in board_part file is either invalid or not available
WARNING: [Board 49-26] cannot add Board Part xilinx.com:zcu102:part0:3.3 available at C:/Xilinx/Vivado/2022.1/data/xhub/boards/XilinxBoardStore/boards/Xilinx/zcu102/3.3/board.xml as part xczu9eg-ffvb1156-2-e specified in board_part file is either invalid or not available
WARNING: [Board 49-26] cannot add Board Part xilinx.com:zcu102:part0:3.4 available at C:/Xilinx/Vivado/2022.1/data/xhub/boards/XilinxBoardStore/boards/Xilinx/zcu102/3.4/board.xml as part xczu9eg-ffvb1156-2-e specified in board_part file is either invalid or not available
WARNING: [Board 49-26] cannot add Board Part xilinx.com:zcu111:part0:1.2 available at C:/Xilinx/Vivado/2022.1/data/xhub/boards/XilinxBoardStore/boards/Xilinx/zcu111/1.2/board.xml as part xczu28dr-ffvg1517-2-e specified in board_part file is either invalid or not available
WARNING: [Board 49-26] cannot add Board Part xilinx.com:zcu111:part0:1.3 available at C:/Xilinx/Vivado/2022.1/data/xhub/boards/XilinxBoardStore/boards/Xilinx/zcu111/1.3/board.xml as part xczu28dr-ffvg1517-2-e specified in board_part file is either invalid or not available
WARNING: [Board 49-26] cannot add Board Part xilinx.com:zcu111:part0:1.4 available at C:/Xilinx/Vivado/2022.1/data/xhub/boards/XilinxBoardStore/boards/Xilinx/zcu111/1.4/board.xml as part xczu28dr-ffvg1517-2-e specified in board_part file is either invalid or not available
WARNING: [Board 49-26] cannot add Board Part xilinx.com:zcu1275:part0:1.0 available at C:/Xilinx/Vivado/2022.1/data/xhub/boards/XilinxBoardStore/boards/Xilinx/zcu1275/1.0/board.xml as part xczu29dr-ffvf1760-2-e specified in board_part file is either invalid or not available
WARNING: [Board 49-26] cannot add Board Part xilinx.com:zcu1285:part0:1.0 available at C:/Xilinx/Vivado/2022.1/data/xhub/boards/XilinxBoardStore/boards/Xilinx/zcu1285/1.0/board.xml as part xczu39dr-ffvf1760-2-i specified in board_part file is either invalid or not available
WARNING: [Board 49-26] cannot add Board Part xilinx.com:zcu208:part0:2.0 available at C:/Xilinx/Vivado/2022.1/data/xhub/boards/XilinxBoardStore/boards/Xilinx/zcu208/production/2.0/board.xml as part xczu48dr-fsvg1517-2-e specified in board_part file is either invalid or not available
WARNING: [Board 49-26] cannot add Board Part xilinx.com:zcu208ld:part0:2.0 available at C:/Xilinx/Vivado/2022.1/data/xhub/boards/XilinxBoardStore/boards/Xilinx/zcu208ld/production/2.0/board.xml as part xczu58dr-fsvg1517-2-i specified in board_part file is either invalid or not available
WARNING: [Board 49-26] cannot add Board Part xilinx.com:zcu216:part0:2.0 available at C:/Xilinx/Vivado/2022.1/data/xhub/boards/XilinxBoardStore/boards/Xilinx/zcu216/production/2.0/board.xml as part xczu49dr-ffvf1760-2-e specified in board_part file is either invalid or not available
WARNING: [Board 49-26] cannot add Board Part xilinx.com:zcu216ld:part0:2.0 available at C:/Xilinx/Vivado/2022.1/data/xhub/boards/XilinxBoardStore/boards/Xilinx/zcu216ld/production/2.0/board.xml as part xczu59dr-ffvf1760-2-i specified in board_part file is either invalid or not available
WARNING: [Board 49-26] cannot add Board Part xilinx.com:zcu670:part0:2.0 available at C:/Xilinx/Vivado/2022.1/data/xhub/boards/XilinxBoardStore/boards/Xilinx/zcu670/2.0/board.xml as part xczu67dr-fsve1156-2-i specified in board_part file is either invalid or not available
WARNING: [Board 49-26] cannot add Board Part xilinx.com:zcu670ld:part0:1.0 available at C:/Xilinx/Vivado/2022.1/data/xhub/boards/XilinxBoardStore/boards/Xilinx/zcu670ld/1.0/board.xml as part xczu57dr-fsve1156-2-i specified in board_part file is either invalid or not available
INFO: [filemgmt 56-3] Default IP Output Path : Could not find the directory 'C:/Users/youssef3453/sequential_8_bit_multipier/sequential_8_bit_multipier.gen/sources_1'.
Scanning sources...
Finished scanning sources
INFO: [IP_Flow 19-234] Refreshing IP repositories
INFO: [IP_Flow 19-1704] No user IP repositories specified
INFO: [IP_Flow 19-2313] Loaded Vivado IP repository 'C:/Xilinx/Vivado/2022.1/data/ip'.
open_project: Time (s): cpu = 00:00:21 ; elapsed = 00:00:08 . Memory (MB): peak = 1594.266 ; gain = 0.000
update_compile_order -fileset sources_1
reset_run synth_1
INFO: [Project 1-1161] Replacing file C:/Users/youssef3453/sequential_8_bit_multipier/sequential_8_bit_multipier.srcs/utils_1/imports/synth_1/multiplier.dcp with file C:/Users/youssef3453/sequential_8_bit_multipier/sequential_8_bit_multipier.runs/synth_1/Scanner.dcp
launch_runs impl_1 -to_step write_bitstream -jobs 8
[Sat May 20 18:21:57 2023] Launched synth_1...
Run output will be captured here: C:/Users/youssef3453/sequential_8_bit_multipier/sequential_8_bit_multipier.runs/synth_1/runme.log
[Sat May 20 18:21:57 2023] Launched impl_1...
Run output will be captured here: C:/Users/youssef3453/sequential_8_bit_multipier/sequential_8_bit_multipier.runs/impl_1/runme.log
reset_run synth_1
WARNING: [Vivado 12-1017] Problems encountered:
1. Failed to delete one or more files in run directory C:/Users/youssef3453/sequential_8_bit_multipier/sequential_8_bit_multipier.runs/synth_1

launch_runs impl_1 -to_step write_bitstream -jobs 8
[Sat May 20 18:22:43 2023] Launched synth_1...
Run output will be captured here: C:/Users/youssef3453/sequential_8_bit_multipier/sequential_8_bit_multipier.runs/synth_1/runme.log
[Sat May 20 18:22:43 2023] Launched impl_1...
Run output will be captured here: C:/Users/youssef3453/sequential_8_bit_multipier/sequential_8_bit_multipier.runs/impl_1/runme.log
reset_run synth_1
launch_runs impl_1 -to_step write_bitstream -jobs 8
[Sat May 20 18:24:47 2023] Launched synth_1...
Run output will be captured here: C:/Users/youssef3453/sequential_8_bit_multipier/sequential_8_bit_multipier.runs/synth_1/runme.log
[Sat May 20 18:24:47 2023] Launched impl_1...
Run output will be captured here: C:/Users/youssef3453/sequential_8_bit_multipier/sequential_8_bit_multipier.runs/impl_1/runme.log
reset_run synth_1
launch_runs impl_1 -to_step write_bitstream -jobs 8
[Sat May 20 18:28:54 2023] Launched synth_1...
Run output will be captured here: C:/Users/youssef3453/sequential_8_bit_multipier/sequential_8_bit_multipier.runs/synth_1/runme.log
[Sat May 20 18:28:54 2023] Launched impl_1...
Run output will be captured here: C:/Users/youssef3453/sequential_8_bit_multipier/sequential_8_bit_multipier.runs/impl_1/runme.log
reset_run synth_1
launch_runs synth_1 -jobs 8
[Sat May 20 18:30:57 2023] Launched synth_1...
Run output will be captured here: C:/Users/youssef3453/sequential_8_bit_multipier/sequential_8_bit_multipier.runs/synth_1/runme.log
launch_runs impl_1 -jobs 8
[Sat May 20 18:32:11 2023] Launched impl_1...
Run output will be captured here: C:/Users/youssef3453/sequential_8_bit_multipier/sequential_8_bit_multipier.runs/impl_1/runme.log
launch_runs impl_1 -to_step write_bitstream -jobs 8
[Sat May 20 18:33:56 2023] Launched impl_1...
Run output will be captured here: C:/Users/youssef3453/sequential_8_bit_multipier/sequential_8_bit_multipier.runs/impl_1/runme.log
close [ open C:/Users/youssef3453/sequential_8_bit_multipier/sequential_8_bit_multipier.srcs/sources_1/new/TwosComplemt_8.v w ]
add_files C:/Users/youssef3453/sequential_8_bit_multipier/sequential_8_bit_multipier.srcs/sources_1/new/TwosComplemt_8.v
update_compile_order -fileset sources_1
open_hw_manager
connect_hw_server -allow_non_jtag
INFO: [Labtools 27-2285] Connecting to hw_server url TCP:localhost:3121
INFO: [Labtools 27-2222] Launching hw_server...
INFO: [Labtools 27-2221] Launch Output:

****** Xilinx hw_server v2022.1
  **** Build date : Apr 18 2022 at 16:02:36
    ** Copyright 1986-2022 Xilinx, Inc. All Rights Reserved.


INFO: [Labtools 27-3415] Connecting to cs_server url TCP:localhost:3042
INFO: [Labtools 27-3417] Launching cs_server...
INFO: [Labtools 27-2221] Launch Output:


******** Xilinx cs_server v2022.1.0
  ****** Build date   : Apr 12 2022-21:12:08
    **** Build number : 2022.1.1649790728
      ** Copyright 2017-2023 Xilinx, Inc. All Rights Reserved.



connect_hw_server: Time (s): cpu = 00:00:01 ; elapsed = 00:00:08 . Memory (MB): peak = 1594.266 ; gain = 0.000
open_hw_target
INFO: [Labtoolstcl 44-466] Opening hw_target localhost:3121/xilinx_tcf/Digilent/210183AB3FA3A
open_hw_target: Time (s): cpu = 00:00:06 ; elapsed = 00:00:06 . Memory (MB): peak = 3382.789 ; gain = 1788.523
set_property PROGRAM.FILE {C:/Users/youssef3453/sequential_8_bit_multipier/sequential_8_bit_multipier.runs/impl_1/Scanner.bit} [get_hw_devices xc7a35t_0]
current_hw_device [get_hw_devices xc7a35t_0]
refresh_hw_device -update_hw_probes false [lindex [get_hw_devices xc7a35t_0] 0]
INFO: [Labtools 27-1434] Device xc7a35t (JTAG device index = 0) is programmed with a design that has no supported debug core(s) in it.
set_property PROBES.FILE {} [get_hw_devices xc7a35t_0]
set_property FULL_PROBES.FILE {} [get_hw_devices xc7a35t_0]
set_property PROGRAM.FILE {C:/Users/youssef3453/sequential_8_bit_multipier/sequential_8_bit_multipier.runs/impl_1/Scanner.bit} [get_hw_devices xc7a35t_0]
program_hw_devices [get_hw_devices xc7a35t_0]
INFO: [Labtools 27-3164] End of startup status: HIGH
refresh_hw_device [lindex [get_hw_devices xc7a35t_0] 0]
INFO: [Labtools 27-1434] Device xc7a35t (JTAG device index = 0) is programmed with a design that has no supported debug core(s) in it.
set_property PROBES.FILE {} [get_hw_devices xc7a35t_0]
set_property FULL_PROBES.FILE {} [get_hw_devices xc7a35t_0]
set_property PROGRAM.FILE {C:/Users/youssef3453/sequential_8_bit_multipier/sequential_8_bit_multipier.runs/impl_1/Scanner.bit} [get_hw_devices xc7a35t_0]
program_hw_devices [get_hw_devices xc7a35t_0]
INFO: [Labtools 27-3164] End of startup status: HIGH
refresh_hw_device [lindex [get_hw_devices xc7a35t_0] 0]
INFO: [Labtools 27-1434] Device xc7a35t (JTAG device index = 0) is programmed with a design that has no supported debug core(s) in it.
reset_run synth_1
INFO: [Project 1-1161] Replacing file C:/Users/youssef3453/sequential_8_bit_multipier/sequential_8_bit_multipier.srcs/utils_1/imports/synth_1/multiplier.dcp with file C:/Users/youssef3453/sequential_8_bit_multipier/sequential_8_bit_multipier.runs/synth_1/Scanner.dcp
launch_runs impl_1 -to_step write_bitstream -jobs 8
[Sat May 20 18:37:11 2023] Launched synth_1...
Run output will be captured here: C:/Users/youssef3453/sequential_8_bit_multipier/sequential_8_bit_multipier.runs/synth_1/runme.log
[Sat May 20 18:37:11 2023] Launched impl_1...
Run output will be captured here: C:/Users/youssef3453/sequential_8_bit_multipier/sequential_8_bit_multipier.runs/impl_1/runme.log
close [ open C:/Users/youssef3453/sequential_8_bit_multipier/sequential_8_bit_multipier.srcs/sources_1/new/TwosComplement_16.v w ]
add_files C:/Users/youssef3453/sequential_8_bit_multipier/sequential_8_bit_multipier.srcs/sources_1/new/TwosComplement_16.v
update_compile_order -fileset sources_1
set_property PROBES.FILE {} [get_hw_devices xc7a35t_0]
set_property FULL_PROBES.FILE {} [get_hw_devices xc7a35t_0]
set_property PROGRAM.FILE {C:/Users/youssef3453/sequential_8_bit_multipier/sequential_8_bit_multipier.runs/impl_1/Scanner.bit} [get_hw_devices xc7a35t_0]
program_hw_devices [get_hw_devices xc7a35t_0]
INFO: [Labtools 27-3164] End of startup status: HIGH
refresh_hw_device [lindex [get_hw_devices xc7a35t_0] 0]
INFO: [Labtools 27-1434] Device xc7a35t (JTAG device index = 0) is programmed with a design that has no supported debug core(s) in it.
reset_run synth_1
INFO: [Project 1-1161] Replacing file C:/Users/youssef3453/sequential_8_bit_multipier/sequential_8_bit_multipier.srcs/utils_1/imports/synth_1/multiplier.dcp with file C:/Users/youssef3453/sequential_8_bit_multipier/sequential_8_bit_multipier.runs/synth_1/Scanner.dcp
launch_runs impl_1 -to_step write_bitstream -jobs 8
[Sat May 20 18:43:39 2023] Launched synth_1...
Run output will be captured here: C:/Users/youssef3453/sequential_8_bit_multipier/sequential_8_bit_multipier.runs/synth_1/runme.log
[Sat May 20 18:43:39 2023] Launched impl_1...
Run output will be captured here: C:/Users/youssef3453/sequential_8_bit_multipier/sequential_8_bit_multipier.runs/impl_1/runme.log
set_property PROBES.FILE {} [get_hw_devices xc7a35t_0]
set_property FULL_PROBES.FILE {} [get_hw_devices xc7a35t_0]
set_property PROGRAM.FILE {C:/Users/youssef3453/sequential_8_bit_multipier/sequential_8_bit_multipier.runs/impl_1/Scanner.bit} [get_hw_devices xc7a35t_0]
program_hw_devices [get_hw_devices xc7a35t_0]
INFO: [Labtools 27-3164] End of startup status: HIGH
refresh_hw_device [lindex [get_hw_devices xc7a35t_0] 0]
INFO: [Labtools 27-1434] Device xc7a35t (JTAG device index = 0) is programmed with a design that has no supported debug core(s) in it.
reset_run impl_1 -prev_step 
launch_runs impl_1 -to_step write_bitstream -jobs 8
WARNING: [Vivado 12-872] Run step 'Design Initialization' is out-of-date.
[Sat May 20 18:48:30 2023] Launched impl_1...
Run output will be captured here: C:/Users/youssef3453/sequential_8_bit_multipier/sequential_8_bit_multipier.runs/impl_1/runme.log
set_property PROBES.FILE {} [get_hw_devices xc7a35t_0]
set_property FULL_PROBES.FILE {} [get_hw_devices xc7a35t_0]
set_property PROGRAM.FILE {C:/Users/youssef3453/sequential_8_bit_multipier/sequential_8_bit_multipier.runs/impl_1/Scanner.bit} [get_hw_devices xc7a35t_0]
program_hw_devices [get_hw_devices xc7a35t_0]
INFO: [Labtools 27-3164] End of startup status: HIGH
refresh_hw_device [lindex [get_hw_devices xc7a35t_0] 0]
INFO: [Labtools 27-1434] Device xc7a35t (JTAG device index = 0) is programmed with a design that has no supported debug core(s) in it.
reset_run synth_1
INFO: [Project 1-1161] Replacing file C:/Users/youssef3453/sequential_8_bit_multipier/sequential_8_bit_multipier.srcs/utils_1/imports/synth_1/multiplier.dcp with file C:/Users/youssef3453/sequential_8_bit_multipier/sequential_8_bit_multipier.runs/synth_1/Scanner.dcp
launch_runs impl_1 -to_step write_bitstream -jobs 8
[Sat May 20 18:50:01 2023] Launched synth_1...
Run output will be captured here: C:/Users/youssef3453/sequential_8_bit_multipier/sequential_8_bit_multipier.runs/synth_1/runme.log
[Sat May 20 18:50:01 2023] Launched impl_1...
Run output will be captured here: C:/Users/youssef3453/sequential_8_bit_multipier/sequential_8_bit_multipier.runs/impl_1/runme.log
set_property PROBES.FILE {} [get_hw_devices xc7a35t_0]
set_property FULL_PROBES.FILE {} [get_hw_devices xc7a35t_0]
set_property PROGRAM.FILE {C:/Users/youssef3453/sequential_8_bit_multipier/sequential_8_bit_multipier.runs/impl_1/Scanner.bit} [get_hw_devices xc7a35t_0]
program_hw_devices [get_hw_devices xc7a35t_0]
INFO: [Labtools 27-3164] End of startup status: HIGH
refresh_hw_device [lindex [get_hw_devices xc7a35t_0] 0]
INFO: [Labtools 27-1434] Device xc7a35t (JTAG device index = 0) is programmed with a design that has no supported debug core(s) in it.
reset_run impl_1 -prev_step 
launch_runs impl_1 -to_step write_bitstream -jobs 8
WARNING: [Vivado 12-872] Run step 'Design Initialization' is out-of-date.
[Sat May 20 18:56:47 2023] Launched impl_1...
Run output will be captured here: C:/Users/youssef3453/sequential_8_bit_multipier/sequential_8_bit_multipier.runs/impl_1/runme.log
close_hw_manager
open_hw_manager
connect_hw_server -allow_non_jtag
INFO: [Labtools 27-2285] Connecting to hw_server url TCP:localhost:3121
INFO: [Labtools 27-3415] Connecting to cs_server url TCP:localhost:3042
INFO: [Labtools 27-3414] Connected to existing cs_server.
open_hw_target
INFO: [Labtoolstcl 44-466] Opening hw_target localhost:3121/xilinx_tcf/Digilent/210183AB3FA3A
set_property PROGRAM.FILE {C:/Users/youssef3453/sequential_8_bit_multipier/sequential_8_bit_multipier.runs/impl_1/Scanner.bit} [get_hw_devices xc7a35t_0]
current_hw_device [get_hw_devices xc7a35t_0]
refresh_hw_device -update_hw_probes false [lindex [get_hw_devices xc7a35t_0] 0]
INFO: [Labtools 27-1434] Device xc7a35t (JTAG device index = 0) is programmed with a design that has no supported debug core(s) in it.
set_property PROBES.FILE {} [get_hw_devices xc7a35t_0]
set_property FULL_PROBES.FILE {} [get_hw_devices xc7a35t_0]
set_property PROGRAM.FILE {C:/Users/youssef3453/sequential_8_bit_multipier/sequential_8_bit_multipier.runs/impl_1/Scanner.bit} [get_hw_devices xc7a35t_0]
program_hw_devices [get_hw_devices xc7a35t_0]
INFO: [Labtools 27-3164] End of startup status: HIGH
refresh_hw_device [lindex [get_hw_devices xc7a35t_0] 0]
INFO: [Labtools 27-1434] Device xc7a35t (JTAG device index = 0) is programmed with a design that has no supported debug core(s) in it.
reset_run synth_1
INFO: [Project 1-1161] Replacing file C:/Users/youssef3453/sequential_8_bit_multipier/sequential_8_bit_multipier.srcs/utils_1/imports/synth_1/multiplier.dcp with file C:/Users/youssef3453/sequential_8_bit_multipier/sequential_8_bit_multipier.runs/synth_1/Scanner.dcp
launch_runs impl_1 -to_step write_bitstream -jobs 8
[Sat May 20 19:00:10 2023] Launched synth_1...
Run output will be captured here: C:/Users/youssef3453/sequential_8_bit_multipier/sequential_8_bit_multipier.runs/synth_1/runme.log
[Sat May 20 19:00:10 2023] Launched impl_1...
Run output will be captured here: C:/Users/youssef3453/sequential_8_bit_multipier/sequential_8_bit_multipier.runs/impl_1/runme.log
reset_run synth_1
launch_runs impl_1 -to_step write_bitstream -jobs 8
[Sat May 20 19:01:22 2023] Launched synth_1...
Run output will be captured here: C:/Users/youssef3453/sequential_8_bit_multipier/sequential_8_bit_multipier.runs/synth_1/runme.log
[Sat May 20 19:01:22 2023] Launched impl_1...
Run output will be captured here: C:/Users/youssef3453/sequential_8_bit_multipier/sequential_8_bit_multipier.runs/impl_1/runme.log
set_property PROBES.FILE {} [get_hw_devices xc7a35t_0]
set_property FULL_PROBES.FILE {} [get_hw_devices xc7a35t_0]
set_property PROGRAM.FILE {C:/Users/youssef3453/sequential_8_bit_multipier/sequential_8_bit_multipier.runs/impl_1/Scanner.bit} [get_hw_devices xc7a35t_0]
program_hw_devices [get_hw_devices xc7a35t_0]
INFO: [Labtools 27-3164] End of startup status: HIGH
refresh_hw_device [lindex [get_hw_devices xc7a35t_0] 0]
INFO: [Labtools 27-1434] Device xc7a35t (JTAG device index = 0) is programmed with a design that has no supported debug core(s) in it.
reset_run impl_1 -prev_step 
launch_runs impl_1 -to_step write_bitstream -jobs 8
WARNING: [Vivado 12-872] Run step 'Design Initialization' is out-of-date.
[Sat May 20 19:05:11 2023] Launched impl_1...
Run output will be captured here: C:/Users/youssef3453/sequential_8_bit_multipier/sequential_8_bit_multipier.runs/impl_1/runme.log
set_property PROBES.FILE {} [get_hw_devices xc7a35t_0]
set_property FULL_PROBES.FILE {} [get_hw_devices xc7a35t_0]
set_property PROGRAM.FILE {C:/Users/youssef3453/sequential_8_bit_multipier/sequential_8_bit_multipier.runs/impl_1/Scanner.bit} [get_hw_devices xc7a35t_0]
program_hw_devices [get_hw_devices xc7a35t_0]
INFO: [Labtools 27-3164] End of startup status: HIGH
refresh_hw_device [lindex [get_hw_devices xc7a35t_0] 0]
INFO: [Labtools 27-1434] Device xc7a35t (JTAG device index = 0) is programmed with a design that has no supported debug core(s) in it.
reset_run synth_1
INFO: [Project 1-1161] Replacing file C:/Users/youssef3453/sequential_8_bit_multipier/sequential_8_bit_multipier.srcs/utils_1/imports/synth_1/multiplier.dcp with file C:/Users/youssef3453/sequential_8_bit_multipier/sequential_8_bit_multipier.runs/synth_1/Scanner.dcp
launch_runs synth_1 -jobs 8
WARNING: [HDL 9-3756] overwriting previous definition of module 'TwosComplemt_8' [C:/Users/youssef3453/sequential_8_bit_multipier/sequential_8_bit_multipier.srcs/sources_1/new/TwosComplemt_8.v:23]
WARNING: [filemgmt 20-1318] Duplicate Design Unit 'TwosComplemt_8()' found in library 'xil_defaultlib'
Duplicate found at line 23 of file C:/Users/youssef3453/sequential_8_bit_multipier/sequential_8_bit_multipier.srcs/sources_1/new/TwosComplement_16.v
	(Active) Duplicate found at line 23 of file C:/Users/youssef3453/sequential_8_bit_multipier/sequential_8_bit_multipier.srcs/sources_1/new/TwosComplemt_8.v
[Sat May 20 19:07:34 2023] Launched synth_1...
Run output will be captured here: C:/Users/youssef3453/sequential_8_bit_multipier/sequential_8_bit_multipier.runs/synth_1/runme.log
launch_runs impl_1 -jobs 8
[Sat May 20 19:08:55 2023] Launched impl_1...
Run output will be captured here: C:/Users/youssef3453/sequential_8_bit_multipier/sequential_8_bit_multipier.runs/impl_1/runme.log
launch_runs impl_1 -to_step write_bitstream -jobs 8
[Sat May 20 19:10:03 2023] Launched impl_1...
Run output will be captured here: C:/Users/youssef3453/sequential_8_bit_multipier/sequential_8_bit_multipier.runs/impl_1/runme.log
close_hw_manager
open_hw_manager
connect_hw_server -allow_non_jtag
INFO: [Labtools 27-2285] Connecting to hw_server url TCP:localhost:3121
INFO: [Labtools 27-3415] Connecting to cs_server url TCP:localhost:3042
INFO: [Labtools 27-3414] Connected to existing cs_server.
open_hw_target
INFO: [Labtoolstcl 44-466] Opening hw_target localhost:3121/xilinx_tcf/Digilent/210183AB3FA3A
set_property PROGRAM.FILE {C:/Users/youssef3453/sequential_8_bit_multipier/sequential_8_bit_multipier.runs/impl_1/Scanner.bit} [get_hw_devices xc7a35t_0]
current_hw_device [get_hw_devices xc7a35t_0]
refresh_hw_device -update_hw_probes false [lindex [get_hw_devices xc7a35t_0] 0]
INFO: [Labtools 27-1434] Device xc7a35t (JTAG device index = 0) is programmed with a design that has no supported debug core(s) in it.
set_property PROBES.FILE {} [get_hw_devices xc7a35t_0]
set_property FULL_PROBES.FILE {} [get_hw_devices xc7a35t_0]
set_property PROGRAM.FILE {C:/Users/youssef3453/sequential_8_bit_multipier/sequential_8_bit_multipier.runs/impl_1/Scanner.bit} [get_hw_devices xc7a35t_0]
program_hw_devices [get_hw_devices xc7a35t_0]
INFO: [Labtools 27-3164] End of startup status: HIGH
refresh_hw_device [lindex [get_hw_devices xc7a35t_0] 0]
INFO: [Labtools 27-1434] Device xc7a35t (JTAG device index = 0) is programmed with a design that has no supported debug core(s) in it.
reset_run impl_1 -prev_step 
launch_runs impl_1 -to_step write_bitstream -jobs 8
WARNING: [Vivado 12-872] Run step 'Design Initialization' is out-of-date.
[Sat May 20 19:11:53 2023] Launched impl_1...
Run output will be captured here: C:/Users/youssef3453/sequential_8_bit_multipier/sequential_8_bit_multipier.runs/impl_1/runme.log
close_hw_manager
open_hw_manager
connect_hw_server -allow_non_jtag
INFO: [Labtools 27-2285] Connecting to hw_server url TCP:localhost:3121
INFO: [Labtools 27-3415] Connecting to cs_server url TCP:localhost:3042
INFO: [Labtools 27-3414] Connected to existing cs_server.
open_hw_target
INFO: [Labtoolstcl 44-466] Opening hw_target localhost:3121/xilinx_tcf/Digilent/210183AB3FA3A
set_property PROGRAM.FILE {C:/Users/youssef3453/sequential_8_bit_multipier/sequential_8_bit_multipier.runs/impl_1/Scanner.bit} [get_hw_devices xc7a35t_0]
current_hw_device [get_hw_devices xc7a35t_0]
refresh_hw_device -update_hw_probes false [lindex [get_hw_devices xc7a35t_0] 0]
INFO: [Labtools 27-1434] Device xc7a35t (JTAG device index = 0) is programmed with a design that has no supported debug core(s) in it.
set_property PROBES.FILE {} [get_hw_devices xc7a35t_0]
set_property FULL_PROBES.FILE {} [get_hw_devices xc7a35t_0]
set_property PROGRAM.FILE {C:/Users/youssef3453/sequential_8_bit_multipier/sequential_8_bit_multipier.runs/impl_1/Scanner.bit} [get_hw_devices xc7a35t_0]
program_hw_devices [get_hw_devices xc7a35t_0]
INFO: [Labtools 27-3164] End of startup status: HIGH
refresh_hw_device [lindex [get_hw_devices xc7a35t_0] 0]
INFO: [Labtools 27-1434] Device xc7a35t (JTAG device index = 0) is programmed with a design that has no supported debug core(s) in it.
reset_run synth_1
INFO: [Project 1-1161] Replacing file C:/Users/youssef3453/sequential_8_bit_multipier/sequential_8_bit_multipier.srcs/utils_1/imports/synth_1/multiplier.dcp with file C:/Users/youssef3453/sequential_8_bit_multipier/sequential_8_bit_multipier.runs/synth_1/Scanner.dcp
launch_runs synth_1 -jobs 8
WARNING: [HDL 9-3756] overwriting previous definition of module 'TwosComplemt_8' [C:/Users/youssef3453/sequential_8_bit_multipier/sequential_8_bit_multipier.srcs/sources_1/new/TwosComplemt_8.v:23]
WARNING: [filemgmt 20-1318] Duplicate Design Unit 'TwosComplemt_8()' found in library 'xil_defaultlib'
Duplicate found at line 23 of file C:/Users/youssef3453/sequential_8_bit_multipier/sequential_8_bit_multipier.srcs/sources_1/new/TwosComplement_16.v
	(Active) Duplicate found at line 23 of file C:/Users/youssef3453/sequential_8_bit_multipier/sequential_8_bit_multipier.srcs/sources_1/new/TwosComplemt_8.v
[Sat May 20 19:13:41 2023] Launched synth_1...
Run output will be captured here: C:/Users/youssef3453/sequential_8_bit_multipier/sequential_8_bit_multipier.runs/synth_1/runme.log
launch_runs impl_1 -jobs 8
[Sat May 20 19:14:57 2023] Launched impl_1...
Run output will be captured here: C:/Users/youssef3453/sequential_8_bit_multipier/sequential_8_bit_multipier.runs/impl_1/runme.log
launch_runs impl_1 -to_step write_bitstream -jobs 8
[Sat May 20 19:16:08 2023] Launched impl_1...
Run output will be captured here: C:/Users/youssef3453/sequential_8_bit_multipier/sequential_8_bit_multipier.runs/impl_1/runme.log
set_property PROBES.FILE {} [get_hw_devices xc7a35t_0]
set_property FULL_PROBES.FILE {} [get_hw_devices xc7a35t_0]
set_property PROGRAM.FILE {C:/Users/youssef3453/sequential_8_bit_multipier/sequential_8_bit_multipier.runs/impl_1/Scanner.bit} [get_hw_devices xc7a35t_0]
program_hw_devices [get_hw_devices xc7a35t_0]
INFO: [Labtools 27-3164] End of startup status: HIGH
refresh_hw_device [lindex [get_hw_devices xc7a35t_0] 0]
INFO: [Labtools 27-1434] Device xc7a35t (JTAG device index = 0) is programmed with a design that has no supported debug core(s) in it.
reset_run synth_1
INFO: [Project 1-1161] Replacing file C:/Users/youssef3453/sequential_8_bit_multipier/sequential_8_bit_multipier.srcs/utils_1/imports/synth_1/multiplier.dcp with file C:/Users/youssef3453/sequential_8_bit_multipier/sequential_8_bit_multipier.runs/synth_1/Scanner.dcp
launch_runs synth_1 -jobs 8
WARNING: [HDL 9-3756] overwriting previous definition of module 'TwosComplemt_8' [C:/Users/youssef3453/sequential_8_bit_multipier/sequential_8_bit_multipier.srcs/sources_1/new/TwosComplemt_8.v:23]
WARNING: [filemgmt 20-1318] Duplicate Design Unit 'TwosComplemt_8()' found in library 'xil_defaultlib'
Duplicate found at line 23 of file C:/Users/youssef3453/sequential_8_bit_multipier/sequential_8_bit_multipier.srcs/sources_1/new/TwosComplement_16.v
	(Active) Duplicate found at line 23 of file C:/Users/youssef3453/sequential_8_bit_multipier/sequential_8_bit_multipier.srcs/sources_1/new/TwosComplemt_8.v
[Sat May 20 19:19:50 2023] Launched synth_1...
Run output will be captured here: C:/Users/youssef3453/sequential_8_bit_multipier/sequential_8_bit_multipier.runs/synth_1/runme.log
reset_run synth_1
WARNING: [Vivado 12-1017] Problems encountered:
1. Failed to delete one or more files in run directory C:/Users/youssef3453/sequential_8_bit_multipier/sequential_8_bit_multipier.runs/synth_1

launch_runs synth_1 -jobs 8
WARNING: [HDL 9-3756] overwriting previous definition of module 'TwosComplemt_8' [C:/Users/youssef3453/sequential_8_bit_multipier/sequential_8_bit_multipier.srcs/sources_1/new/TwosComplemt_8.v:23]
WARNING: [filemgmt 20-1318] Duplicate Design Unit 'TwosComplemt_8()' found in library 'xil_defaultlib'
Duplicate found at line 23 of file C:/Users/youssef3453/sequential_8_bit_multipier/sequential_8_bit_multipier.srcs/sources_1/new/TwosComplement_16.v
	(Active) Duplicate found at line 23 of file C:/Users/youssef3453/sequential_8_bit_multipier/sequential_8_bit_multipier.srcs/sources_1/new/TwosComplemt_8.v
[Sat May 20 19:20:49 2023] Launched synth_1...
Run output will be captured here: C:/Users/youssef3453/sequential_8_bit_multipier/sequential_8_bit_multipier.runs/synth_1/runme.log
launch_runs impl_1 -jobs 8
[Sat May 20 19:22:13 2023] Launched impl_1...
Run output will be captured here: C:/Users/youssef3453/sequential_8_bit_multipier/sequential_8_bit_multipier.runs/impl_1/runme.log
launch_runs impl_1 -to_step write_bitstream -jobs 8
[Sat May 20 19:23:19 2023] Launched impl_1...
Run output will be captured here: C:/Users/youssef3453/sequential_8_bit_multipier/sequential_8_bit_multipier.runs/impl_1/runme.log
set_property PROBES.FILE {} [get_hw_devices xc7a35t_0]
set_property FULL_PROBES.FILE {} [get_hw_devices xc7a35t_0]
set_property PROGRAM.FILE {C:/Users/youssef3453/sequential_8_bit_multipier/sequential_8_bit_multipier.runs/impl_1/Scanner.bit} [get_hw_devices xc7a35t_0]
program_hw_devices [get_hw_devices xc7a35t_0]
INFO: [Labtools 27-3164] End of startup status: HIGH
refresh_hw_device [lindex [get_hw_devices xc7a35t_0] 0]
INFO: [Labtools 27-1434] Device xc7a35t (JTAG device index = 0) is programmed with a design that has no supported debug core(s) in it.
reset_run impl_1 -prev_step 
launch_runs impl_1 -to_step write_bitstream -jobs 8
WARNING: [Vivado 12-872] Run step 'Design Initialization' is out-of-date.
[Sat May 20 19:25:38 2023] Launched impl_1...
Run output will be captured here: C:/Users/youssef3453/sequential_8_bit_multipier/sequential_8_bit_multipier.runs/impl_1/runme.log
set_property PROBES.FILE {} [get_hw_devices xc7a35t_0]
set_property FULL_PROBES.FILE {} [get_hw_devices xc7a35t_0]
set_property PROGRAM.FILE {C:/Users/youssef3453/sequential_8_bit_multipier/sequential_8_bit_multipier.runs/impl_1/Scanner.bit} [get_hw_devices xc7a35t_0]
program_hw_devices [get_hw_devices xc7a35t_0]
INFO: [Labtools 27-3164] End of startup status: HIGH
refresh_hw_device [lindex [get_hw_devices xc7a35t_0] 0]
INFO: [Labtools 27-1434] Device xc7a35t (JTAG device index = 0) is programmed with a design that has no supported debug core(s) in it.
reset_run synth_1
INFO: [Project 1-1161] Replacing file C:/Users/youssef3453/sequential_8_bit_multipier/sequential_8_bit_multipier.srcs/utils_1/imports/synth_1/multiplier.dcp with file C:/Users/youssef3453/sequential_8_bit_multipier/sequential_8_bit_multipier.runs/synth_1/Scanner.dcp
launch_runs synth_1 -jobs 8
WARNING: [HDL 9-3756] overwriting previous definition of module 'TwosComplemt_8' [C:/Users/youssef3453/sequential_8_bit_multipier/sequential_8_bit_multipier.srcs/sources_1/new/TwosComplemt_8.v:23]
WARNING: [filemgmt 20-1318] Duplicate Design Unit 'TwosComplemt_8()' found in library 'xil_defaultlib'
Duplicate found at line 23 of file C:/Users/youssef3453/sequential_8_bit_multipier/sequential_8_bit_multipier.srcs/sources_1/new/TwosComplement_16.v
	(Active) Duplicate found at line 23 of file C:/Users/youssef3453/sequential_8_bit_multipier/sequential_8_bit_multipier.srcs/sources_1/new/TwosComplemt_8.v
[Sat May 20 19:27:04 2023] Launched synth_1...
Run output will be captured here: C:/Users/youssef3453/sequential_8_bit_multipier/sequential_8_bit_multipier.runs/synth_1/runme.log
launch_runs impl_1 -jobs 8
[Sat May 20 19:28:23 2023] Launched impl_1...
Run output will be captured here: C:/Users/youssef3453/sequential_8_bit_multipier/sequential_8_bit_multipier.runs/impl_1/runme.log
launch_runs impl_1 -to_step write_bitstream -jobs 8
[Sat May 20 19:29:25 2023] Launched impl_1...
Run output will be captured here: C:/Users/youssef3453/sequential_8_bit_multipier/sequential_8_bit_multipier.runs/impl_1/runme.log
set_property PROBES.FILE {} [get_hw_devices xc7a35t_0]
set_property FULL_PROBES.FILE {} [get_hw_devices xc7a35t_0]
set_property PROGRAM.FILE {C:/Users/youssef3453/sequential_8_bit_multipier/sequential_8_bit_multipier.runs/impl_1/Scanner.bit} [get_hw_devices xc7a35t_0]
program_hw_devices [get_hw_devices xc7a35t_0]
INFO: [Labtools 27-3164] End of startup status: HIGH
refresh_hw_device [lindex [get_hw_devices xc7a35t_0] 0]
INFO: [Labtools 27-1434] Device xc7a35t (JTAG device index = 0) is programmed with a design that has no supported debug core(s) in it.
ERROR: [Labtoolstcl 44-513] HW Target shutdown. Closing target: localhost:3121/xilinx_tcf/Digilent/210183AB3FA3A
INFO: [Labtoolstcl 44-466] Opening hw_target localhost:3121/xilinx_tcf/Digilent/210183AB3FA3A
INFO: [Labtools 27-1434] Device xc7a35t (JTAG device index = 0) is programmed with a design that has no supported debug core(s) in it.
WARNING: [Labtoolstcl 44-129] No matching hw_ila_data was found.
ERROR: [Labtoolstcl 44-513] HW Target shutdown. Closing target: localhost:3121/xilinx_tcf/Digilent/210183AB3FA3A
INFO: [Labtoolstcl 44-466] Opening hw_target localhost:3121/xilinx_tcf/Digilent/210183AB3FA3A
INFO: [Labtools 27-1434] Device xc7a35t (JTAG device index = 0) is programmed with a design that has no supported debug core(s) in it.
WARNING: [Labtoolstcl 44-129] No matching hw_ila_data was found.
reset_run synth_1
INFO: [Project 1-1161] Replacing file C:/Users/youssef3453/sequential_8_bit_multipier/sequential_8_bit_multipier.srcs/utils_1/imports/synth_1/multiplier.dcp with file C:/Users/youssef3453/sequential_8_bit_multipier/sequential_8_bit_multipier.runs/synth_1/Scanner.dcp
launch_runs synth_1 -jobs 8
WARNING: [HDL 9-3756] overwriting previous definition of module 'TwosComplemt_8' [C:/Users/youssef3453/sequential_8_bit_multipier/sequential_8_bit_multipier.srcs/sources_1/new/TwosComplemt_8.v:23]
WARNING: [filemgmt 20-1318] Duplicate Design Unit 'TwosComplemt_8()' found in library 'xil_defaultlib'
Duplicate found at line 23 of file C:/Users/youssef3453/sequential_8_bit_multipier/sequential_8_bit_multipier.srcs/sources_1/new/TwosComplement_16.v
	(Active) Duplicate found at line 23 of file C:/Users/youssef3453/sequential_8_bit_multipier/sequential_8_bit_multipier.srcs/sources_1/new/TwosComplemt_8.v
[Sat May 20 19:44:50 2023] Launched synth_1...
Run output will be captured here: C:/Users/youssef3453/sequential_8_bit_multipier/sequential_8_bit_multipier.runs/synth_1/runme.log
launch_runs impl_1 -jobs 8
[Sat May 20 19:46:07 2023] Launched impl_1...
Run output will be captured here: C:/Users/youssef3453/sequential_8_bit_multipier/sequential_8_bit_multipier.runs/impl_1/runme.log
launch_runs impl_1 -to_step write_bitstream -jobs 8
[Sat May 20 19:47:10 2023] Launched impl_1...
Run output will be captured here: C:/Users/youssef3453/sequential_8_bit_multipier/sequential_8_bit_multipier.runs/impl_1/runme.log
set_property PROBES.FILE {} [get_hw_devices xc7a35t_0]
set_property FULL_PROBES.FILE {} [get_hw_devices xc7a35t_0]
set_property PROGRAM.FILE {C:/Users/youssef3453/sequential_8_bit_multipier/sequential_8_bit_multipier.runs/impl_1/Scanner.bit} [get_hw_devices xc7a35t_0]
program_hw_devices [get_hw_devices xc7a35t_0]
INFO: [Labtools 27-3164] End of startup status: HIGH
refresh_hw_device [lindex [get_hw_devices xc7a35t_0] 0]
INFO: [Labtools 27-1434] Device xc7a35t (JTAG device index = 0) is programmed with a design that has no supported debug core(s) in it.
reset_run impl_1 -prev_step 
launch_runs impl_1 -to_step write_bitstream -jobs 8
WARNING: [Vivado 12-872] Run step 'Design Initialization' is out-of-date.
[Sat May 20 19:49:19 2023] Launched impl_1...
Run output will be captured here: C:/Users/youssef3453/sequential_8_bit_multipier/sequential_8_bit_multipier.runs/impl_1/runme.log
set_property PROBES.FILE {} [get_hw_devices xc7a35t_0]
set_property FULL_PROBES.FILE {} [get_hw_devices xc7a35t_0]
set_property PROGRAM.FILE {C:/Users/youssef3453/sequential_8_bit_multipier/sequential_8_bit_multipier.runs/impl_1/Scanner.bit} [get_hw_devices xc7a35t_0]
program_hw_devices [get_hw_devices xc7a35t_0]
INFO: [Labtools 27-3164] End of startup status: HIGH
refresh_hw_device [lindex [get_hw_devices xc7a35t_0] 0]
INFO: [Labtools 27-1434] Device xc7a35t (JTAG device index = 0) is programmed with a design that has no supported debug core(s) in it.
set_property top Pushbutton [current_fileset]
update_compile_order -fileset sources_1
set_property top Pushbutton_tb [get_filesets sim_1]
set_property top_lib xil_defaultlib [get_filesets sim_1]
update_compile_order -fileset sim_1
launch_simulation
Command: launch_simulation 
INFO: [Vivado 12-12493] Simulation top is 'Pushbutton_tb'
WARNING: [Vivado 12-13340] Unable to auto find GCC executables from simulator install path! (path not set)
WARNING: [Vivado 12-13277] Compiled library path does not exist: ''
INFO: [Vivado 12-5682] Launching behavioral simulation in 'C:/Users/youssef3453/sequential_8_bit_multipier/sequential_8_bit_multipier.sim/sim_1/behav/xsim'
INFO: [SIM-utils-51] Simulation object is 'sim_1'
INFO: [SIM-utils-72] Using boost library from 'C:/Xilinx/Vivado/2022.1/tps/boost_1_72_0'
INFO: [SIM-utils-54] Inspecting design source files for 'Pushbutton_tb' in fileset 'sim_1'...
INFO: [USF-XSim-97] Finding global include files...
INFO: [USF-XSim-98] Fetching design files from 'sim_1'...
INFO: [USF-XSim-2] XSim::Compile design
INFO: [USF-XSim-61] Executing 'COMPILE and ANALYZE' step in 'C:/Users/youssef3453/sequential_8_bit_multipier/sequential_8_bit_multipier.sim/sim_1/behav/xsim'
"xvlog --incr --relax -prj Pushbutton_tb_vlog.prj"
INFO: [VRFC 10-2263] Analyzing Verilog file "C:/Users/youssef3453/sequential_8_bit_multipier/sequential_8_bit_multipier.srcs/sources_1/new/Pushbutton.v" into library xil_defaultlib
INFO: [VRFC 10-311] analyzing module Pushbutton
INFO: [VRFC 10-2263] Analyzing Verilog file "C:/Users/youssef3453/sequential_8_bit_multipier/sequential_8_bit_multipier.srcs/sources_1/new/Rising_Edge_Detector.v" into library xil_defaultlib
INFO: [VRFC 10-311] analyzing module Rising_Edge_Detector
INFO: [VRFC 10-2263] Analyzing Verilog file "C:/Users/youssef3453/sequential_8_bit_multipier/sequential_8_bit_multipier.srcs/sources_1/new/Synchronizer.v" into library xil_defaultlib
INFO: [VRFC 10-311] analyzing module Asy
INFO: [VRFC 10-2263] Analyzing Verilog file "C:/Users/youssef3453/sequential_8_bit_multipier/sequential_8_bit_multipier.srcs/sources_1/new/clockDivider.v" into library xil_defaultlib
INFO: [VRFC 10-311] analyzing module clockDivider
INFO: [VRFC 10-2263] Analyzing Verilog file "C:/Users/youssef3453/sequential_8_bit_multipier/sequential_8_bit_multipier.srcs/sources_1/new/counter_n.v" into library xil_defaultlib
INFO: [VRFC 10-311] analyzing module counter_n
INFO: [VRFC 10-2263] Analyzing Verilog file "C:/Users/youssef3453/sequential_8_bit_multipier/sequential_8_bit_multipier.srcs/sources_1/new/debouncer.v" into library xil_defaultlib
INFO: [VRFC 10-311] analyzing module debouncer
INFO: [VRFC 10-2263] Analyzing Verilog file "C:/Users/youssef3453/sequential_8_bit_multipier/sequential_8_bit_multipier.srcs/sim_1/new/Pushbutton_tb.v" into library xil_defaultlib
INFO: [VRFC 10-311] analyzing module Pushbutton_tb
INFO: [USF-XSim-69] 'compile' step finished in '2' seconds
INFO: [USF-XSim-3] XSim::Elaborate design
INFO: [USF-XSim-61] Executing 'ELABORATE' step in 'C:/Users/youssef3453/sequential_8_bit_multipier/sequential_8_bit_multipier.sim/sim_1/behav/xsim'
"xelab --incr --debug typical --relax --mt 2 -L xil_defaultlib -L unisims_ver -L unimacro_ver -L secureip --snapshot Pushbutton_tb_behav xil_defaultlib.Pushbutton_tb xil_defaultlib.glbl -log elaborate.log"
Vivado Simulator v2022.1
Copyright 1986-1999, 2001-2022 Xilinx, Inc. All Rights Reserved.
Running: C:/Xilinx/Vivado/2022.1/bin/unwrapped/win64.o/xelab.exe --incr --debug typical --relax --mt 2 -L xil_defaultlib -L unisims_ver -L unimacro_ver -L secureip --snapshot Pushbutton_tb_behav xil_defaultlib.Pushbutton_tb xil_defaultlib.glbl -log elaborate.log 
Using 2 slave threads.
Starting static elaboration
Pass Through NonSizing Optimizer
ERROR: [VRFC 10-3236] concurrent assignment to a non-net 'in' is not permitted [C:/Users/youssef3453/sequential_8_bit_multipier/sequential_8_bit_multipier.srcs/sim_1/new/Pushbutton_tb.v:31]
ERROR: [VRFC 10-8616] 'Pushbutton' requires 3 arguments [C:/Users/youssef3453/sequential_8_bit_multipier/sequential_8_bit_multipier.srcs/sim_1/new/Pushbutton_tb.v:28]
ERROR: [XSIM 43-3322] Static elaboration of top level Verilog design unit(s) in library work failed.
INFO: [USF-XSim-69] 'elaborate' step finished in '1' seconds
INFO: [USF-XSim-99] Step results log file:'C:/Users/youssef3453/sequential_8_bit_multipier/sequential_8_bit_multipier.sim/sim_1/behav/xsim/elaborate.log'
ERROR: [USF-XSim-62] 'elaborate' step failed with error(s). Please check the Tcl console output or 'C:/Users/youssef3453/sequential_8_bit_multipier/sequential_8_bit_multipier.sim/sim_1/behav/xsim/elaborate.log' file for more information.
ERROR: [Vivado 12-4473] Detected error while running simulation. Please correct the issue and retry this operation.
launch_simulation: Time (s): cpu = 00:00:01 ; elapsed = 00:00:06 . Memory (MB): peak = 3470.438 ; gain = 0.000
ERROR: [Common 17-39] 'launch_simulation' failed due to earlier errors.
launch_simulation
Command: launch_simulation 
INFO: [Vivado 12-12493] Simulation top is 'Pushbutton_tb'
WARNING: [Vivado 12-13340] Unable to auto find GCC executables from simulator install path! (path not set)
WARNING: [Vivado 12-13277] Compiled library path does not exist: ''
INFO: [Vivado 12-5682] Launching behavioral simulation in 'C:/Users/youssef3453/sequential_8_bit_multipier/sequential_8_bit_multipier.sim/sim_1/behav/xsim'
INFO: [SIM-utils-51] Simulation object is 'sim_1'
INFO: [SIM-utils-72] Using boost library from 'C:/Xilinx/Vivado/2022.1/tps/boost_1_72_0'
INFO: [SIM-utils-54] Inspecting design source files for 'Pushbutton_tb' in fileset 'sim_1'...
INFO: [USF-XSim-97] Finding global include files...
INFO: [USF-XSim-98] Fetching design files from 'sim_1'...
INFO: [USF-XSim-2] XSim::Compile design
INFO: [USF-XSim-61] Executing 'COMPILE and ANALYZE' step in 'C:/Users/youssef3453/sequential_8_bit_multipier/sequential_8_bit_multipier.sim/sim_1/behav/xsim'
"xvlog --incr --relax -prj Pushbutton_tb_vlog.prj"
INFO: [VRFC 10-2263] Analyzing Verilog file "C:/Users/youssef3453/sequential_8_bit_multipier/sequential_8_bit_multipier.srcs/sources_1/new/Pushbutton.v" into library xil_defaultlib
INFO: [VRFC 10-311] analyzing module Pushbutton
INFO: [VRFC 10-2263] Analyzing Verilog file "C:/Users/youssef3453/sequential_8_bit_multipier/sequential_8_bit_multipier.srcs/sources_1/new/Rising_Edge_Detector.v" into library xil_defaultlib
INFO: [VRFC 10-311] analyzing module Rising_Edge_Detector
INFO: [VRFC 10-2263] Analyzing Verilog file "C:/Users/youssef3453/sequential_8_bit_multipier/sequential_8_bit_multipier.srcs/sources_1/new/Synchronizer.v" into library xil_defaultlib
INFO: [VRFC 10-311] analyzing module Asy
INFO: [VRFC 10-2263] Analyzing Verilog file "C:/Users/youssef3453/sequential_8_bit_multipier/sequential_8_bit_multipier.srcs/sources_1/new/clockDivider.v" into library xil_defaultlib
INFO: [VRFC 10-311] analyzing module clockDivider
INFO: [VRFC 10-2263] Analyzing Verilog file "C:/Users/youssef3453/sequential_8_bit_multipier/sequential_8_bit_multipier.srcs/sources_1/new/counter_n.v" into library xil_defaultlib
INFO: [VRFC 10-311] analyzing module counter_n
INFO: [VRFC 10-2263] Analyzing Verilog file "C:/Users/youssef3453/sequential_8_bit_multipier/sequential_8_bit_multipier.srcs/sources_1/new/debouncer.v" into library xil_defaultlib
INFO: [VRFC 10-311] analyzing module debouncer
INFO: [VRFC 10-2263] Analyzing Verilog file "C:/Users/youssef3453/sequential_8_bit_multipier/sequential_8_bit_multipier.srcs/sim_1/new/Pushbutton_tb.v" into library xil_defaultlib
INFO: [VRFC 10-311] analyzing module Pushbutton_tb
INFO: [USF-XSim-69] 'compile' step finished in '1' seconds
INFO: [USF-XSim-3] XSim::Elaborate design
INFO: [USF-XSim-61] Executing 'ELABORATE' step in 'C:/Users/youssef3453/sequential_8_bit_multipier/sequential_8_bit_multipier.sim/sim_1/behav/xsim'
"xelab --incr --debug typical --relax --mt 2 -L xil_defaultlib -L unisims_ver -L unimacro_ver -L secureip --snapshot Pushbutton_tb_behav xil_defaultlib.Pushbutton_tb xil_defaultlib.glbl -log elaborate.log"
Vivado Simulator v2022.1
Copyright 1986-1999, 2001-2022 Xilinx, Inc. All Rights Reserved.
Running: C:/Xilinx/Vivado/2022.1/bin/unwrapped/win64.o/xelab.exe --incr --debug typical --relax --mt 2 -L xil_defaultlib -L unisims_ver -L unimacro_ver -L secureip --snapshot Pushbutton_tb_behav xil_defaultlib.Pushbutton_tb xil_defaultlib.glbl -log elaborate.log 
Using 2 slave threads.
Starting static elaboration
Pass Through NonSizing Optimizer
Completed static elaboration
Starting simulation data flow analysis
Completed simulation data flow analysis
Time Resolution for simulation is 1ps
Compiling module xil_defaultlib.counter_n(x=32,n=1)
Compiling module xil_defaultlib.clockDivider
Compiling module xil_defaultlib.debouncer
Compiling module xil_defaultlib.Asy
Compiling module xil_defaultlib.Rising_Edge_Detector
Compiling module xil_defaultlib.Pushbutton
Compiling module xil_defaultlib.Pushbutton_tb
Compiling module xil_defaultlib.glbl
Built simulation snapshot Pushbutton_tb_behav
INFO: [USF-XSim-69] 'elaborate' step finished in '3' seconds
INFO: [USF-XSim-4] XSim::Simulate design
INFO: [USF-XSim-61] Executing 'SIMULATE' step in 'C:/Users/youssef3453/sequential_8_bit_multipier/sequential_8_bit_multipier.sim/sim_1/behav/xsim'
INFO: [USF-XSim-98] *** Running xsim
   with args "Pushbutton_tb_behav -key {Behavioral:sim_1:Functional:Pushbutton_tb} -tclbatch {Pushbutton_tb.tcl} -log {simulate.log}"
INFO: [USF-XSim-8] Loading simulator feature
Time resolution is 1 ps
source Pushbutton_tb.tcl
# set curr_wave [current_wave_config]
# if { [string length $curr_wave] == 0 } {
#   if { [llength [get_objects]] > 0} {
#     add_wave /
#     set_property needs_save false [current_wave_config]
#   } else {
#      send_msg_id Add_Wave-1 WARNING "No top level signals found. Simulator will start without a wave window. If you want to open a wave window go to 'File->New Waveform Configuration' or type 'create_wave_config' in the TCL console."
#   }
# }
# run 1000ns
INFO: [USF-XSim-96] XSim completed. Design snapshot 'Pushbutton_tb_behav' loaded.
INFO: [USF-XSim-97] XSim simulation ran for 1000ns
launch_simulation: Time (s): cpu = 00:00:06 ; elapsed = 00:00:07 . Memory (MB): peak = 3506.219 ; gain = 35.781
close_sim
INFO: [Simtcl 6-16] Simulation closed
launch_simulation
Command: launch_simulation 
INFO: [Vivado 12-12493] Simulation top is 'Pushbutton_tb'
WARNING: [Vivado 12-13340] Unable to auto find GCC executables from simulator install path! (path not set)
WARNING: [Vivado 12-13277] Compiled library path does not exist: ''
INFO: [Vivado 12-5682] Launching behavioral simulation in 'C:/Users/youssef3453/sequential_8_bit_multipier/sequential_8_bit_multipier.sim/sim_1/behav/xsim'
INFO: [SIM-utils-51] Simulation object is 'sim_1'
INFO: [SIM-utils-72] Using boost library from 'C:/Xilinx/Vivado/2022.1/tps/boost_1_72_0'
INFO: [SIM-utils-54] Inspecting design source files for 'Pushbutton_tb' in fileset 'sim_1'...
INFO: [USF-XSim-97] Finding global include files...
INFO: [USF-XSim-98] Fetching design files from 'sim_1'...
INFO: [USF-XSim-2] XSim::Compile design
INFO: [USF-XSim-61] Executing 'COMPILE and ANALYZE' step in 'C:/Users/youssef3453/sequential_8_bit_multipier/sequential_8_bit_multipier.sim/sim_1/behav/xsim'
"xvlog --incr --relax -prj Pushbutton_tb_vlog.prj"
INFO: [VRFC 10-2263] Analyzing Verilog file "C:/Users/youssef3453/sequential_8_bit_multipier/sequential_8_bit_multipier.srcs/sources_1/new/Pushbutton.v" into library xil_defaultlib
INFO: [VRFC 10-311] analyzing module Pushbutton
INFO: [VRFC 10-2263] Analyzing Verilog file "C:/Users/youssef3453/sequential_8_bit_multipier/sequential_8_bit_multipier.srcs/sources_1/new/Rising_Edge_Detector.v" into library xil_defaultlib
INFO: [VRFC 10-311] analyzing module Rising_Edge_Detector
INFO: [VRFC 10-2263] Analyzing Verilog file "C:/Users/youssef3453/sequential_8_bit_multipier/sequential_8_bit_multipier.srcs/sources_1/new/Synchronizer.v" into library xil_defaultlib
INFO: [VRFC 10-311] analyzing module Asy
INFO: [VRFC 10-2263] Analyzing Verilog file "C:/Users/youssef3453/sequential_8_bit_multipier/sequential_8_bit_multipier.srcs/sources_1/new/clockDivider.v" into library xil_defaultlib
INFO: [VRFC 10-311] analyzing module clockDivider
INFO: [VRFC 10-2263] Analyzing Verilog file "C:/Users/youssef3453/sequential_8_bit_multipier/sequential_8_bit_multipier.srcs/sources_1/new/counter_n.v" into library xil_defaultlib
INFO: [VRFC 10-311] analyzing module counter_n
INFO: [VRFC 10-2263] Analyzing Verilog file "C:/Users/youssef3453/sequential_8_bit_multipier/sequential_8_bit_multipier.srcs/sources_1/new/debouncer.v" into library xil_defaultlib
INFO: [VRFC 10-311] analyzing module debouncer
INFO: [VRFC 10-2263] Analyzing Verilog file "C:/Users/youssef3453/sequential_8_bit_multipier/sequential_8_bit_multipier.srcs/sim_1/new/Pushbutton_tb.v" into library xil_defaultlib
INFO: [VRFC 10-311] analyzing module Pushbutton_tb
INFO: [USF-XSim-69] 'compile' step finished in '2' seconds
INFO: [USF-XSim-3] XSim::Elaborate design
INFO: [USF-XSim-61] Executing 'ELABORATE' step in 'C:/Users/youssef3453/sequential_8_bit_multipier/sequential_8_bit_multipier.sim/sim_1/behav/xsim'
"xelab --incr --debug typical --relax --mt 2 -L xil_defaultlib -L unisims_ver -L unimacro_ver -L secureip --snapshot Pushbutton_tb_behav xil_defaultlib.Pushbutton_tb xil_defaultlib.glbl -log elaborate.log"
Vivado Simulator v2022.1
Copyright 1986-1999, 2001-2022 Xilinx, Inc. All Rights Reserved.
Running: C:/Xilinx/Vivado/2022.1/bin/unwrapped/win64.o/xelab.exe --incr --debug typical --relax --mt 2 -L xil_defaultlib -L unisims_ver -L unimacro_ver -L secureip --snapshot Pushbutton_tb_behav xil_defaultlib.Pushbutton_tb xil_defaultlib.glbl -log elaborate.log 
Using 2 slave threads.
Starting static elaboration
Pass Through NonSizing Optimizer
Completed static elaboration
Starting simulation data flow analysis
Completed simulation data flow analysis
Time Resolution for simulation is 1ps
Compiling module xil_defaultlib.counter_n(x=32,n=1)
Compiling module xil_defaultlib.clockDivider
Compiling module xil_defaultlib.debouncer
Compiling module xil_defaultlib.Asy
Compiling module xil_defaultlib.Rising_Edge_Detector
Compiling module xil_defaultlib.Pushbutton
Compiling module xil_defaultlib.Pushbutton_tb
Compiling module xil_defaultlib.glbl
Built simulation snapshot Pushbutton_tb_behav
INFO: [USF-XSim-69] 'elaborate' step finished in '2' seconds
INFO: [USF-XSim-4] XSim::Simulate design
INFO: [USF-XSim-61] Executing 'SIMULATE' step in 'C:/Users/youssef3453/sequential_8_bit_multipier/sequential_8_bit_multipier.sim/sim_1/behav/xsim'
INFO: [USF-XSim-98] *** Running xsim
   with args "Pushbutton_tb_behav -key {Behavioral:sim_1:Functional:Pushbutton_tb} -tclbatch {Pushbutton_tb.tcl} -log {simulate.log}"
INFO: [USF-XSim-8] Loading simulator feature
Time resolution is 1 ps
source Pushbutton_tb.tcl
# set curr_wave [current_wave_config]
# if { [string length $curr_wave] == 0 } {
#   if { [llength [get_objects]] > 0} {
#     add_wave /
#     set_property needs_save false [current_wave_config]
#   } else {
#      send_msg_id Add_Wave-1 WARNING "No top level signals found. Simulator will start without a wave window. If you want to open a wave window go to 'File->New Waveform Configuration' or type 'create_wave_config' in the TCL console."
#   }
# }
# run 1000ns
INFO: [USF-XSim-96] XSim completed. Design snapshot 'Pushbutton_tb_behav' loaded.
INFO: [USF-XSim-97] XSim simulation ran for 1000ns
launch_simulation: Time (s): cpu = 00:00:04 ; elapsed = 00:00:07 . Memory (MB): peak = 3540.953 ; gain = 0.000
set_property top Scanner [current_fileset]
update_compile_order -fileset sources_1
reset_run synth_1
INFO: [Project 1-1161] Replacing file C:/Users/youssef3453/sequential_8_bit_multipier/sequential_8_bit_multipier.srcs/utils_1/imports/synth_1/multiplier.dcp with file C:/Users/youssef3453/sequential_8_bit_multipier/sequential_8_bit_multipier.runs/synth_1/Scanner.dcp
WARNING: [Vivado 12-1017] Problems encountered:
1. Failed to delete one or more files in run directory C:/Users/youssef3453/sequential_8_bit_multipier/sequential_8_bit_multipier.runs/synth_1

launch_runs synth_1 -jobs 8
WARNING: [HDL 9-3756] overwriting previous definition of module 'TwosComplemt_8' [C:/Users/youssef3453/sequential_8_bit_multipier/sequential_8_bit_multipier.srcs/sources_1/new/TwosComplemt_8.v:23]
WARNING: [filemgmt 20-1318] Duplicate Design Unit 'TwosComplemt_8()' found in library 'xil_defaultlib'
Duplicate found at line 23 of file C:/Users/youssef3453/sequential_8_bit_multipier/sequential_8_bit_multipier.srcs/sources_1/new/TwosComplement_16.v
	(Active) Duplicate found at line 23 of file C:/Users/youssef3453/sequential_8_bit_multipier/sequential_8_bit_multipier.srcs/sources_1/new/TwosComplemt_8.v
[Sat May 20 19:54:59 2023] Launched synth_1...
Run output will be captured here: C:/Users/youssef3453/sequential_8_bit_multipier/sequential_8_bit_multipier.runs/synth_1/runme.log
launch_runs impl_1 -jobs 8
[Sat May 20 19:56:33 2023] Launched impl_1...
Run output will be captured here: C:/Users/youssef3453/sequential_8_bit_multipier/sequential_8_bit_multipier.runs/impl_1/runme.log
launch_runs impl_1 -to_step write_bitstream -jobs 8
[Sat May 20 19:58:09 2023] Launched impl_1...
Run output will be captured here: C:/Users/youssef3453/sequential_8_bit_multipier/sequential_8_bit_multipier.runs/impl_1/runme.log
set_property PROBES.FILE {} [get_hw_devices xc7a35t_0]
set_property FULL_PROBES.FILE {} [get_hw_devices xc7a35t_0]
set_property PROGRAM.FILE {C:/Users/youssef3453/sequential_8_bit_multipier/sequential_8_bit_multipier.runs/impl_1/Scanner.bit} [get_hw_devices xc7a35t_0]
program_hw_devices [get_hw_devices xc7a35t_0]
INFO: [Labtools 27-3164] End of startup status: HIGH
refresh_hw_device [lindex [get_hw_devices xc7a35t_0] 0]
INFO: [Labtools 27-1434] Device xc7a35t (JTAG device index = 0) is programmed with a design that has no supported debug core(s) in it.
reset_run synth_1
INFO: [Project 1-1161] Replacing file C:/Users/youssef3453/sequential_8_bit_multipier/sequential_8_bit_multipier.srcs/utils_1/imports/synth_1/multiplier.dcp with file C:/Users/youssef3453/sequential_8_bit_multipier/sequential_8_bit_multipier.runs/synth_1/Scanner.dcp
WARNING: [Vivado 12-1017] Problems encountered:
1. Failed to delete one or more files in run directory C:/Users/youssef3453/sequential_8_bit_multipier/sequential_8_bit_multipier.runs/synth_1

launch_runs synth_1 -jobs 8
WARNING: [HDL 9-3756] overwriting previous definition of module 'TwosComplemt_8' [C:/Users/youssef3453/sequential_8_bit_multipier/sequential_8_bit_multipier.srcs/sources_1/new/TwosComplemt_8.v:23]
WARNING: [filemgmt 20-1318] Duplicate Design Unit 'TwosComplemt_8()' found in library 'xil_defaultlib'
Duplicate found at line 23 of file C:/Users/youssef3453/sequential_8_bit_multipier/sequential_8_bit_multipier.srcs/sources_1/new/TwosComplement_16.v
	(Active) Duplicate found at line 23 of file C:/Users/youssef3453/sequential_8_bit_multipier/sequential_8_bit_multipier.srcs/sources_1/new/TwosComplemt_8.v
[Sat May 20 20:00:25 2023] Launched synth_1...
Run output will be captured here: C:/Users/youssef3453/sequential_8_bit_multipier/sequential_8_bit_multipier.runs/synth_1/runme.log
launch_runs impl_1 -jobs 8
[Sat May 20 20:01:46 2023] Launched impl_1...
Run output will be captured here: C:/Users/youssef3453/sequential_8_bit_multipier/sequential_8_bit_multipier.runs/impl_1/runme.log
launch_runs impl_1 -to_step write_bitstream -jobs 8
[Sat May 20 20:02:53 2023] Launched impl_1...
Run output will be captured here: C:/Users/youssef3453/sequential_8_bit_multipier/sequential_8_bit_multipier.runs/impl_1/runme.log
set_property PROBES.FILE {} [get_hw_devices xc7a35t_0]
set_property FULL_PROBES.FILE {} [get_hw_devices xc7a35t_0]
set_property PROGRAM.FILE {C:/Users/youssef3453/sequential_8_bit_multipier/sequential_8_bit_multipier.runs/impl_1/Scanner.bit} [get_hw_devices xc7a35t_0]
program_hw_devices [get_hw_devices xc7a35t_0]
INFO: [Labtools 27-3164] End of startup status: HIGH
refresh_hw_device [lindex [get_hw_devices xc7a35t_0] 0]
INFO: [Labtools 27-1434] Device xc7a35t (JTAG device index = 0) is programmed with a design that has no supported debug core(s) in it.
reset_run synth_1
INFO: [Project 1-1161] Replacing file C:/Users/youssef3453/sequential_8_bit_multipier/sequential_8_bit_multipier.srcs/utils_1/imports/synth_1/multiplier.dcp with file C:/Users/youssef3453/sequential_8_bit_multipier/sequential_8_bit_multipier.runs/synth_1/Scanner.dcp
WARNING: [Vivado 12-1017] Problems encountered:
1. Failed to delete one or more files in run directory C:/Users/youssef3453/sequential_8_bit_multipier/sequential_8_bit_multipier.runs/synth_1

launch_runs synth_1 -jobs 8
WARNING: [HDL 9-3756] overwriting previous definition of module 'TwosComplemt_8' [C:/Users/youssef3453/sequential_8_bit_multipier/sequential_8_bit_multipier.srcs/sources_1/new/TwosComplemt_8.v:23]
WARNING: [filemgmt 20-1318] Duplicate Design Unit 'TwosComplemt_8()' found in library 'xil_defaultlib'
Duplicate found at line 23 of file C:/Users/youssef3453/sequential_8_bit_multipier/sequential_8_bit_multipier.srcs/sources_1/new/TwosComplement_16.v
	(Active) Duplicate found at line 23 of file C:/Users/youssef3453/sequential_8_bit_multipier/sequential_8_bit_multipier.srcs/sources_1/new/TwosComplemt_8.v
[Sat May 20 20:04:17 2023] Launched synth_1...
Run output will be captured here: C:/Users/youssef3453/sequential_8_bit_multipier/sequential_8_bit_multipier.runs/synth_1/runme.log
launch_runs impl_1 -jobs 8
[Sat May 20 20:05:42 2023] Launched impl_1...
Run output will be captured here: C:/Users/youssef3453/sequential_8_bit_multipier/sequential_8_bit_multipier.runs/impl_1/runme.log
reset_run synth_1
INFO: [Project 1-1161] Replacing file C:/Users/youssef3453/sequential_8_bit_multipier/sequential_8_bit_multipier.srcs/utils_1/imports/synth_1/multiplier.dcp with file C:/Users/youssef3453/sequential_8_bit_multipier/sequential_8_bit_multipier.runs/synth_1/Scanner.dcp
WARNING: [Vivado 12-1017] Problems encountered:
1. Failed to delete one or more files in run directory C:/Users/youssef3453/sequential_8_bit_multipier/sequential_8_bit_multipier.runs/synth_1

launch_runs impl_1 -to_step write_bitstream -jobs 8
[Sat May 20 20:06:48 2023] Launched synth_1...
Run output will be captured here: C:/Users/youssef3453/sequential_8_bit_multipier/sequential_8_bit_multipier.runs/synth_1/runme.log
[Sat May 20 20:06:48 2023] Launched impl_1...
Run output will be captured here: C:/Users/youssef3453/sequential_8_bit_multipier/sequential_8_bit_multipier.runs/impl_1/runme.log
set_property PROBES.FILE {} [get_hw_devices xc7a35t_0]
set_property FULL_PROBES.FILE {} [get_hw_devices xc7a35t_0]
set_property PROGRAM.FILE {C:/Users/youssef3453/sequential_8_bit_multipier/sequential_8_bit_multipier.runs/impl_1/Scanner.bit} [get_hw_devices xc7a35t_0]
program_hw_devices [get_hw_devices xc7a35t_0]
INFO: [Labtools 27-3164] End of startup status: HIGH
refresh_hw_device [lindex [get_hw_devices xc7a35t_0] 0]
INFO: [Labtools 27-1434] Device xc7a35t (JTAG device index = 0) is programmed with a design that has no supported debug core(s) in it.
reset_run synth_1
INFO: [Project 1-1161] Replacing file C:/Users/youssef3453/sequential_8_bit_multipier/sequential_8_bit_multipier.srcs/utils_1/imports/synth_1/multiplier.dcp with file C:/Users/youssef3453/sequential_8_bit_multipier/sequential_8_bit_multipier.runs/synth_1/Scanner.dcp
WARNING: [Vivado 12-1017] Problems encountered:
1. Failed to delete one or more files in run directory C:/Users/youssef3453/sequential_8_bit_multipier/sequential_8_bit_multipier.runs/synth_1

launch_runs synth_1 -jobs 8
WARNING: [HDL 9-3756] overwriting previous definition of module 'TwosComplemt_8' [C:/Users/youssef3453/sequential_8_bit_multipier/sequential_8_bit_multipier.srcs/sources_1/new/TwosComplemt_8.v:23]
WARNING: [filemgmt 20-1318] Duplicate Design Unit 'TwosComplemt_8()' found in library 'xil_defaultlib'
Duplicate found at line 23 of file C:/Users/youssef3453/sequential_8_bit_multipier/sequential_8_bit_multipier.srcs/sources_1/new/TwosComplement_16.v
	(Active) Duplicate found at line 23 of file C:/Users/youssef3453/sequential_8_bit_multipier/sequential_8_bit_multipier.srcs/sources_1/new/TwosComplemt_8.v
[Sat May 20 20:09:56 2023] Launched synth_1...
Run output will be captured here: C:/Users/youssef3453/sequential_8_bit_multipier/sequential_8_bit_multipier.runs/synth_1/runme.log
launch_runs impl_1 -jobs 8
[Sat May 20 20:11:17 2023] Launched impl_1...
Run output will be captured here: C:/Users/youssef3453/sequential_8_bit_multipier/sequential_8_bit_multipier.runs/impl_1/runme.log
launch_runs impl_1 -to_step write_bitstream -jobs 8
[Sat May 20 20:12:20 2023] Launched impl_1...
Run output will be captured here: C:/Users/youssef3453/sequential_8_bit_multipier/sequential_8_bit_multipier.runs/impl_1/runme.log
set_property PROBES.FILE {} [get_hw_devices xc7a35t_0]
set_property FULL_PROBES.FILE {} [get_hw_devices xc7a35t_0]
set_property PROGRAM.FILE {C:/Users/youssef3453/sequential_8_bit_multipier/sequential_8_bit_multipier.runs/impl_1/Scanner.bit} [get_hw_devices xc7a35t_0]
program_hw_devices [get_hw_devices xc7a35t_0]
INFO: [Labtools 27-3164] End of startup status: HIGH
refresh_hw_device [lindex [get_hw_devices xc7a35t_0] 0]
INFO: [Labtools 27-1434] Device xc7a35t (JTAG device index = 0) is programmed with a design that has no supported debug core(s) in it.
reset_run synth_1
INFO: [Project 1-1161] Replacing file C:/Users/youssef3453/sequential_8_bit_multipier/sequential_8_bit_multipier.srcs/utils_1/imports/synth_1/multiplier.dcp with file C:/Users/youssef3453/sequential_8_bit_multipier/sequential_8_bit_multipier.runs/synth_1/Scanner.dcp
WARNING: [Vivado 12-1017] Problems encountered:
1. Failed to delete one or more files in run directory C:/Users/youssef3453/sequential_8_bit_multipier/sequential_8_bit_multipier.runs/synth_1

launch_runs synth_1 -jobs 8
WARNING: [HDL 9-3756] overwriting previous definition of module 'TwosComplemt_8' [C:/Users/youssef3453/sequential_8_bit_multipier/sequential_8_bit_multipier.srcs/sources_1/new/TwosComplemt_8.v:23]
WARNING: [filemgmt 20-1318] Duplicate Design Unit 'TwosComplemt_8()' found in library 'xil_defaultlib'
Duplicate found at line 23 of file C:/Users/youssef3453/sequential_8_bit_multipier/sequential_8_bit_multipier.srcs/sources_1/new/TwosComplement_16.v
	(Active) Duplicate found at line 23 of file C:/Users/youssef3453/sequential_8_bit_multipier/sequential_8_bit_multipier.srcs/sources_1/new/TwosComplemt_8.v
[Sat May 20 20:14:16 2023] Launched synth_1...
Run output will be captured here: C:/Users/youssef3453/sequential_8_bit_multipier/sequential_8_bit_multipier.runs/synth_1/runme.log
launch_runs impl_1 -jobs 8
[Sat May 20 20:15:45 2023] Launched impl_1...
Run output will be captured here: C:/Users/youssef3453/sequential_8_bit_multipier/sequential_8_bit_multipier.runs/impl_1/runme.log
launch_runs impl_1 -to_step write_bitstream -jobs 8
[Sat May 20 20:17:23 2023] Launched impl_1...
Run output will be captured here: C:/Users/youssef3453/sequential_8_bit_multipier/sequential_8_bit_multipier.runs/impl_1/runme.log
set_property PROBES.FILE {} [get_hw_devices xc7a35t_0]
set_property FULL_PROBES.FILE {} [get_hw_devices xc7a35t_0]
set_property PROGRAM.FILE {C:/Users/youssef3453/sequential_8_bit_multipier/sequential_8_bit_multipier.runs/impl_1/Scanner.bit} [get_hw_devices xc7a35t_0]
program_hw_devices [get_hw_devices xc7a35t_0]
INFO: [Labtools 27-3164] End of startup status: HIGH
refresh_hw_device [lindex [get_hw_devices xc7a35t_0] 0]
INFO: [Labtools 27-1434] Device xc7a35t (JTAG device index = 0) is programmed with a design that has no supported debug core(s) in it.
reset_run synth_1
INFO: [Project 1-1161] Replacing file C:/Users/youssef3453/sequential_8_bit_multipier/sequential_8_bit_multipier.srcs/utils_1/imports/synth_1/multiplier.dcp with file C:/Users/youssef3453/sequential_8_bit_multipier/sequential_8_bit_multipier.runs/synth_1/Scanner.dcp
WARNING: [Vivado 12-1017] Problems encountered:
1. Failed to delete one or more files in run directory C:/Users/youssef3453/sequential_8_bit_multipier/sequential_8_bit_multipier.runs/synth_1

launch_runs synth_1 -jobs 8
WARNING: [HDL 9-3756] overwriting previous definition of module 'TwosComplemt_8' [C:/Users/youssef3453/sequential_8_bit_multipier/sequential_8_bit_multipier.srcs/sources_1/new/TwosComplemt_8.v:23]
WARNING: [filemgmt 20-1318] Duplicate Design Unit 'TwosComplemt_8()' found in library 'xil_defaultlib'
Duplicate found at line 23 of file C:/Users/youssef3453/sequential_8_bit_multipier/sequential_8_bit_multipier.srcs/sources_1/new/TwosComplement_16.v
	(Active) Duplicate found at line 23 of file C:/Users/youssef3453/sequential_8_bit_multipier/sequential_8_bit_multipier.srcs/sources_1/new/TwosComplemt_8.v
[Sat May 20 20:22:48 2023] Launched synth_1...
Run output will be captured here: C:/Users/youssef3453/sequential_8_bit_multipier/sequential_8_bit_multipier.runs/synth_1/runme.log
launch_runs impl_1 -jobs 8
[Sat May 20 20:24:06 2023] Launched impl_1...
Run output will be captured here: C:/Users/youssef3453/sequential_8_bit_multipier/sequential_8_bit_multipier.runs/impl_1/runme.log
launch_runs impl_1 -to_step write_bitstream -jobs 8
[Sat May 20 20:25:10 2023] Launched impl_1...
Run output will be captured here: C:/Users/youssef3453/sequential_8_bit_multipier/sequential_8_bit_multipier.runs/impl_1/runme.log
set_property PROBES.FILE {} [get_hw_devices xc7a35t_0]
set_property FULL_PROBES.FILE {} [get_hw_devices xc7a35t_0]
set_property PROGRAM.FILE {C:/Users/youssef3453/sequential_8_bit_multipier/sequential_8_bit_multipier.runs/impl_1/Scanner.bit} [get_hw_devices xc7a35t_0]
program_hw_devices [get_hw_devices xc7a35t_0]
INFO: [Labtools 27-3164] End of startup status: HIGH
refresh_hw_device [lindex [get_hw_devices xc7a35t_0] 0]
INFO: [Labtools 27-1434] Device xc7a35t (JTAG device index = 0) is programmed with a design that has no supported debug core(s) in it.
reset_run synth_1
INFO: [Project 1-1161] Replacing file C:/Users/youssef3453/sequential_8_bit_multipier/sequential_8_bit_multipier.srcs/utils_1/imports/synth_1/multiplier.dcp with file C:/Users/youssef3453/sequential_8_bit_multipier/sequential_8_bit_multipier.runs/synth_1/Scanner.dcp
WARNING: [Vivado 12-1017] Problems encountered:
1. Failed to delete one or more files in run directory C:/Users/youssef3453/sequential_8_bit_multipier/sequential_8_bit_multipier.runs/synth_1

launch_runs synth_1 -jobs 8
WARNING: [HDL 9-3756] overwriting previous definition of module 'TwosComplemt_8' [C:/Users/youssef3453/sequential_8_bit_multipier/sequential_8_bit_multipier.srcs/sources_1/new/TwosComplemt_8.v:23]
WARNING: [filemgmt 20-1318] Duplicate Design Unit 'TwosComplemt_8()' found in library 'xil_defaultlib'
Duplicate found at line 23 of file C:/Users/youssef3453/sequential_8_bit_multipier/sequential_8_bit_multipier.srcs/sources_1/new/TwosComplement_16.v
	(Active) Duplicate found at line 23 of file C:/Users/youssef3453/sequential_8_bit_multipier/sequential_8_bit_multipier.srcs/sources_1/new/TwosComplemt_8.v
[Sat May 20 20:32:46 2023] Launched synth_1...
Run output will be captured here: C:/Users/youssef3453/sequential_8_bit_multipier/sequential_8_bit_multipier.runs/synth_1/runme.log
reset_run synth_1
WARNING: [Vivado 12-1017] Problems encountered:
1. Failed to delete one or more files in run directory C:/Users/youssef3453/sequential_8_bit_multipier/sequential_8_bit_multipier.runs/synth_1

launch_runs synth_1 -jobs 8
WARNING: [HDL 9-3756] overwriting previous definition of module 'TwosComplemt_8' [C:/Users/youssef3453/sequential_8_bit_multipier/sequential_8_bit_multipier.srcs/sources_1/new/TwosComplemt_8.v:23]
WARNING: [filemgmt 20-1318] Duplicate Design Unit 'TwosComplemt_8()' found in library 'xil_defaultlib'
Duplicate found at line 23 of file C:/Users/youssef3453/sequential_8_bit_multipier/sequential_8_bit_multipier.srcs/sources_1/new/TwosComplement_16.v
	(Active) Duplicate found at line 23 of file C:/Users/youssef3453/sequential_8_bit_multipier/sequential_8_bit_multipier.srcs/sources_1/new/TwosComplemt_8.v
[Sat May 20 20:34:05 2023] Launched synth_1...
Run output will be captured here: C:/Users/youssef3453/sequential_8_bit_multipier/sequential_8_bit_multipier.runs/synth_1/runme.log
reset_run synth_1
WARNING: [Vivado 12-1017] Problems encountered:
1. Failed to delete one or more files in run directory C:/Users/youssef3453/sequential_8_bit_multipier/sequential_8_bit_multipier.runs/synth_1

launch_runs synth_1 -jobs 8
WARNING: [HDL 9-3756] overwriting previous definition of module 'TwosComplemt_8' [C:/Users/youssef3453/sequential_8_bit_multipier/sequential_8_bit_multipier.srcs/sources_1/new/TwosComplemt_8.v:23]
WARNING: [filemgmt 20-1318] Duplicate Design Unit 'TwosComplemt_8()' found in library 'xil_defaultlib'
Duplicate found at line 23 of file C:/Users/youssef3453/sequential_8_bit_multipier/sequential_8_bit_multipier.srcs/sources_1/new/TwosComplement_16.v
	(Active) Duplicate found at line 23 of file C:/Users/youssef3453/sequential_8_bit_multipier/sequential_8_bit_multipier.srcs/sources_1/new/TwosComplemt_8.v
[Sat May 20 20:36:27 2023] Launched synth_1...
Run output will be captured here: C:/Users/youssef3453/sequential_8_bit_multipier/sequential_8_bit_multipier.runs/synth_1/runme.log
launch_runs impl_1 -jobs 8
[Sat May 20 20:37:44 2023] Launched impl_1...
Run output will be captured here: C:/Users/youssef3453/sequential_8_bit_multipier/sequential_8_bit_multipier.runs/impl_1/runme.log
launch_runs impl_1 -to_step write_bitstream -jobs 8
[Sat May 20 20:39:02 2023] Launched impl_1...
Run output will be captured here: C:/Users/youssef3453/sequential_8_bit_multipier/sequential_8_bit_multipier.runs/impl_1/runme.log
set_property PROBES.FILE {} [get_hw_devices xc7a35t_0]
set_property FULL_PROBES.FILE {} [get_hw_devices xc7a35t_0]
set_property PROGRAM.FILE {C:/Users/youssef3453/sequential_8_bit_multipier/sequential_8_bit_multipier.runs/impl_1/Scanner.bit} [get_hw_devices xc7a35t_0]
program_hw_devices [get_hw_devices xc7a35t_0]
INFO: [Labtools 27-3164] End of startup status: HIGH
refresh_hw_device [lindex [get_hw_devices xc7a35t_0] 0]
INFO: [Labtools 27-1434] Device xc7a35t (JTAG device index = 0) is programmed with a design that has no supported debug core(s) in it.
reset_run synth_1
INFO: [Project 1-1161] Replacing file C:/Users/youssef3453/sequential_8_bit_multipier/sequential_8_bit_multipier.srcs/utils_1/imports/synth_1/multiplier.dcp with file C:/Users/youssef3453/sequential_8_bit_multipier/sequential_8_bit_multipier.runs/synth_1/Scanner.dcp
WARNING: [Vivado 12-1017] Problems encountered:
1. Failed to delete one or more files in run directory C:/Users/youssef3453/sequential_8_bit_multipier/sequential_8_bit_multipier.runs/synth_1

launch_runs synth_1 -jobs 8
WARNING: [HDL 9-3756] overwriting previous definition of module 'TwosComplemt_8' [C:/Users/youssef3453/sequential_8_bit_multipier/sequential_8_bit_multipier.srcs/sources_1/new/TwosComplemt_8.v:23]
WARNING: [filemgmt 20-1318] Duplicate Design Unit 'TwosComplemt_8()' found in library 'xil_defaultlib'
Duplicate found at line 23 of file C:/Users/youssef3453/sequential_8_bit_multipier/sequential_8_bit_multipier.srcs/sources_1/new/TwosComplement_16.v
	(Active) Duplicate found at line 23 of file C:/Users/youssef3453/sequential_8_bit_multipier/sequential_8_bit_multipier.srcs/sources_1/new/TwosComplemt_8.v
[Sat May 20 20:43:07 2023] Launched synth_1...
Run output will be captured here: C:/Users/youssef3453/sequential_8_bit_multipier/sequential_8_bit_multipier.runs/synth_1/runme.log
launch_runs impl_1 -jobs 8
[Sat May 20 20:44:58 2023] Launched impl_1...
Run output will be captured here: C:/Users/youssef3453/sequential_8_bit_multipier/sequential_8_bit_multipier.runs/impl_1/runme.log
launch_runs impl_1 -to_step write_bitstream -jobs 8
[Sat May 20 20:46:04 2023] Launched impl_1...
Run output will be captured here: C:/Users/youssef3453/sequential_8_bit_multipier/sequential_8_bit_multipier.runs/impl_1/runme.log
set_property PROBES.FILE {} [get_hw_devices xc7a35t_0]
set_property FULL_PROBES.FILE {} [get_hw_devices xc7a35t_0]
set_property PROGRAM.FILE {C:/Users/youssef3453/sequential_8_bit_multipier/sequential_8_bit_multipier.runs/impl_1/Scanner.bit} [get_hw_devices xc7a35t_0]
program_hw_devices [get_hw_devices xc7a35t_0]
INFO: [Labtools 27-3164] End of startup status: HIGH
refresh_hw_device [lindex [get_hw_devices xc7a35t_0] 0]
INFO: [Labtools 27-1434] Device xc7a35t (JTAG device index = 0) is programmed with a design that has no supported debug core(s) in it.
reset_run synth_1
INFO: [Project 1-1161] Replacing file C:/Users/youssef3453/sequential_8_bit_multipier/sequential_8_bit_multipier.srcs/utils_1/imports/synth_1/multiplier.dcp with file C:/Users/youssef3453/sequential_8_bit_multipier/sequential_8_bit_multipier.runs/synth_1/Scanner.dcp
WARNING: [Vivado 12-1017] Problems encountered:
1. Failed to delete one or more files in run directory C:/Users/youssef3453/sequential_8_bit_multipier/sequential_8_bit_multipier.runs/synth_1

launch_runs synth_1 -jobs 8
[Sat May 20 20:51:43 2023] Launched synth_1...
Run output will be captured here: C:/Users/youssef3453/sequential_8_bit_multipier/sequential_8_bit_multipier.runs/synth_1/runme.log
reset_run synth_1
WARNING: [Vivado 12-1017] Problems encountered:
1. Failed to delete one or more files in run directory C:/Users/youssef3453/sequential_8_bit_multipier/sequential_8_bit_multipier.runs/synth_1

launch_runs synth_1 -jobs 8
[Sat May 20 20:52:56 2023] Launched synth_1...
Run output will be captured here: C:/Users/youssef3453/sequential_8_bit_multipier/sequential_8_bit_multipier.runs/synth_1/runme.log
reset_run synth_1
WARNING: [Vivado 12-1017] Problems encountered:
1. Failed to delete one or more files in run directory C:/Users/youssef3453/sequential_8_bit_multipier/sequential_8_bit_multipier.runs/synth_1

launch_runs synth_1 -jobs 8
[Sat May 20 20:53:45 2023] Launched synth_1...
Run output will be captured here: C:/Users/youssef3453/sequential_8_bit_multipier/sequential_8_bit_multipier.runs/synth_1/runme.log
launch_runs impl_1 -jobs 8
[Sat May 20 20:55:06 2023] Launched impl_1...
Run output will be captured here: C:/Users/youssef3453/sequential_8_bit_multipier/sequential_8_bit_multipier.runs/impl_1/runme.log
launch_runs impl_1 -to_step write_bitstream -jobs 8
[Sat May 20 20:56:19 2023] Launched impl_1...
Run output will be captured here: C:/Users/youssef3453/sequential_8_bit_multipier/sequential_8_bit_multipier.runs/impl_1/runme.log
set_property PROBES.FILE {} [get_hw_devices xc7a35t_0]
set_property FULL_PROBES.FILE {} [get_hw_devices xc7a35t_0]
set_property PROGRAM.FILE {C:/Users/youssef3453/sequential_8_bit_multipier/sequential_8_bit_multipier.runs/impl_1/Scanner.bit} [get_hw_devices xc7a35t_0]
program_hw_devices [get_hw_devices xc7a35t_0]
INFO: [Labtools 27-3164] End of startup status: HIGH
refresh_hw_device [lindex [get_hw_devices xc7a35t_0] 0]
INFO: [Labtools 27-1434] Device xc7a35t (JTAG device index = 0) is programmed with a design that has no supported debug core(s) in it.
reset_run synth_1
INFO: [Project 1-1161] Replacing file C:/Users/youssef3453/sequential_8_bit_multipier/sequential_8_bit_multipier.srcs/utils_1/imports/synth_1/multiplier.dcp with file C:/Users/youssef3453/sequential_8_bit_multipier/sequential_8_bit_multipier.runs/synth_1/Scanner.dcp
WARNING: [Vivado 12-1017] Problems encountered:
1. Failed to delete one or more files in run directory C:/Users/youssef3453/sequential_8_bit_multipier/sequential_8_bit_multipier.runs/synth_1

launch_runs synth_1 -jobs 8
[Sat May 20 21:08:43 2023] Launched synth_1...
Run output will be captured here: C:/Users/youssef3453/sequential_8_bit_multipier/sequential_8_bit_multipier.runs/synth_1/runme.log
launch_runs impl_1 -jobs 8
[Sat May 20 21:10:22 2023] Launched impl_1...
Run output will be captured here: C:/Users/youssef3453/sequential_8_bit_multipier/sequential_8_bit_multipier.runs/impl_1/runme.log
launch_runs impl_1 -to_step write_bitstream -jobs 8
[Sat May 20 21:11:27 2023] Launched impl_1...
Run output will be captured here: C:/Users/youssef3453/sequential_8_bit_multipier/sequential_8_bit_multipier.runs/impl_1/runme.log
set_property PROBES.FILE {} [get_hw_devices xc7a35t_0]
set_property FULL_PROBES.FILE {} [get_hw_devices xc7a35t_0]
set_property PROGRAM.FILE {C:/Users/youssef3453/sequential_8_bit_multipier/sequential_8_bit_multipier.runs/impl_1/Scanner.bit} [get_hw_devices xc7a35t_0]
program_hw_devices [get_hw_devices xc7a35t_0]
INFO: [Labtools 27-3164] End of startup status: HIGH
refresh_hw_device [lindex [get_hw_devices xc7a35t_0] 0]
INFO: [Labtools 27-1434] Device xc7a35t (JTAG device index = 0) is programmed with a design that has no supported debug core(s) in it.
reset_run synth_1
INFO: [Project 1-1161] Replacing file C:/Users/youssef3453/sequential_8_bit_multipier/sequential_8_bit_multipier.srcs/utils_1/imports/synth_1/multiplier.dcp with file C:/Users/youssef3453/sequential_8_bit_multipier/sequential_8_bit_multipier.runs/synth_1/Scanner.dcp
WARNING: [Vivado 12-1017] Problems encountered:
1. Failed to delete one or more files in run directory C:/Users/youssef3453/sequential_8_bit_multipier/sequential_8_bit_multipier.runs/synth_1

launch_runs synth_1 -jobs 8
[Sat May 20 21:15:10 2023] Launched synth_1...
Run output will be captured here: C:/Users/youssef3453/sequential_8_bit_multipier/sequential_8_bit_multipier.runs/synth_1/runme.log
launch_runs impl_1 -jobs 8
[Sat May 20 21:16:31 2023] Launched impl_1...
Run output will be captured here: C:/Users/youssef3453/sequential_8_bit_multipier/sequential_8_bit_multipier.runs/impl_1/runme.log
launch_runs impl_1 -to_step write_bitstream -jobs 8
[Sat May 20 21:17:33 2023] Launched impl_1...
Run output will be captured here: C:/Users/youssef3453/sequential_8_bit_multipier/sequential_8_bit_multipier.runs/impl_1/runme.log
set_property PROBES.FILE {} [get_hw_devices xc7a35t_0]
set_property FULL_PROBES.FILE {} [get_hw_devices xc7a35t_0]
set_property PROGRAM.FILE {C:/Users/youssef3453/sequential_8_bit_multipier/sequential_8_bit_multipier.runs/impl_1/Scanner.bit} [get_hw_devices xc7a35t_0]
program_hw_devices [get_hw_devices xc7a35t_0]
INFO: [Labtools 27-3164] End of startup status: HIGH
refresh_hw_device [lindex [get_hw_devices xc7a35t_0] 0]
INFO: [Labtools 27-1434] Device xc7a35t (JTAG device index = 0) is programmed with a design that has no supported debug core(s) in it.
close_sim
INFO: [Simtcl 6-16] Simulation closed
exit
INFO: [Common 17-206] Exiting Vivado at Sat May 20 21:28:02 2023...
