
*** Running vivado
    with args -log Scanner.vdi -applog -m64 -product Vivado -messageDb vivado.pb -mode batch -source Scanner.tcl -notrace



****** Vivado v2022.1 (64-bit)
  **** SW Build 3526262 on Mon Apr 18 15:48:16 MDT 2022
  **** IP Build 3524634 on Mon Apr 18 20:55:01 MDT 2022
    ** Copyright 1986-2022 Xilinx, Inc. All Rights Reserved.

source Scanner.tcl -notrace
Command: link_design -top Scanner -part xc7a35tcpg236-1
Design is defaulting to srcset: sources_1
Design is defaulting to constrset: constrs_1
INFO: [Device 21-403] Loading part xc7a35tcpg236-1
Netlist sorting complete. Time (s): cpu = 00:00:00 ; elapsed = 00:00:00.005 . Memory (MB): peak = 1283.930 ; gain = 0.000
INFO: [Netlist 29-17] Analyzing 44 Unisim elements for replacement
INFO: [Netlist 29-28] Unisim Transformation completed in 0 CPU seconds
INFO: [Project 1-479] Netlist was created with Vivado 2022.1
INFO: [Project 1-570] Preparing netlist for logic optimization
Parsing XDC File [C:/Users/youssef3453/sequential_8_bit_multipier/sequential_8_bit_multipier.srcs/constrs_1/new/Pushbutton_constraints.xdc]
WARNING: [Vivado 12-584] No ports matched 'rst'. [C:/Users/youssef3453/sequential_8_bit_multipier/sequential_8_bit_multipier.srcs/constrs_1/new/Pushbutton_constraints.xdc:4]
CRITICAL WARNING: [Common 17-55] 'set_property' expects at least one object. [C:/Users/youssef3453/sequential_8_bit_multipier/sequential_8_bit_multipier.srcs/constrs_1/new/Pushbutton_constraints.xdc:4]
Resolution: If [get_<value>] was used to populate the object, check to make sure this command returns at least one valid object.
WARNING: [Vivado 12-584] No ports matched 'rst'. [C:/Users/youssef3453/sequential_8_bit_multipier/sequential_8_bit_multipier.srcs/constrs_1/new/Pushbutton_constraints.xdc:5]
CRITICAL WARNING: [Common 17-55] 'set_property' expects at least one object. [C:/Users/youssef3453/sequential_8_bit_multipier/sequential_8_bit_multipier.srcs/constrs_1/new/Pushbutton_constraints.xdc:5]
Resolution: If [get_<value>] was used to populate the object, check to make sure this command returns at least one valid object.
WARNING: [Vivado 12-584] No ports matched 'in'. [C:/Users/youssef3453/sequential_8_bit_multipier/sequential_8_bit_multipier.srcs/constrs_1/new/Pushbutton_constraints.xdc:7]
CRITICAL WARNING: [Common 17-55] 'set_property' expects at least one object. [C:/Users/youssef3453/sequential_8_bit_multipier/sequential_8_bit_multipier.srcs/constrs_1/new/Pushbutton_constraints.xdc:7]
Resolution: If [get_<value>] was used to populate the object, check to make sure this command returns at least one valid object.
WARNING: [Vivado 12-584] No ports matched 'in'. [C:/Users/youssef3453/sequential_8_bit_multipier/sequential_8_bit_multipier.srcs/constrs_1/new/Pushbutton_constraints.xdc:8]
CRITICAL WARNING: [Common 17-55] 'set_property' expects at least one object. [C:/Users/youssef3453/sequential_8_bit_multipier/sequential_8_bit_multipier.srcs/constrs_1/new/Pushbutton_constraints.xdc:8]
Resolution: If [get_<value>] was used to populate the object, check to make sure this command returns at least one valid object.
WARNING: [Vivado 12-584] No ports matched 'out'. [C:/Users/youssef3453/sequential_8_bit_multipier/sequential_8_bit_multipier.srcs/constrs_1/new/Pushbutton_constraints.xdc:10]
CRITICAL WARNING: [Common 17-55] 'set_property' expects at least one object. [C:/Users/youssef3453/sequential_8_bit_multipier/sequential_8_bit_multipier.srcs/constrs_1/new/Pushbutton_constraints.xdc:10]
Resolution: If [get_<value>] was used to populate the object, check to make sure this command returns at least one valid object.
WARNING: [Vivado 12-584] No ports matched 'out'. [C:/Users/youssef3453/sequential_8_bit_multipier/sequential_8_bit_multipier.srcs/constrs_1/new/Pushbutton_constraints.xdc:11]
CRITICAL WARNING: [Common 17-55] 'set_property' expects at least one object. [C:/Users/youssef3453/sequential_8_bit_multipier/sequential_8_bit_multipier.srcs/constrs_1/new/Pushbutton_constraints.xdc:11]
Resolution: If [get_<value>] was used to populate the object, check to make sure this command returns at least one valid object.
Finished Parsing XDC File [C:/Users/youssef3453/sequential_8_bit_multipier/sequential_8_bit_multipier.srcs/constrs_1/new/Pushbutton_constraints.xdc]
Parsing XDC File [C:/Users/youssef3453/sequential_8_bit_multipier/sequential_8_bit_multipier.srcs/constrs_1/new/scanner_constraints.xdc]
Finished Parsing XDC File [C:/Users/youssef3453/sequential_8_bit_multipier/sequential_8_bit_multipier.srcs/constrs_1/new/scanner_constraints.xdc]
INFO: [Opt 31-138] Pushed 0 inverter(s) to 0 load pin(s).
Netlist sorting complete. Time (s): cpu = 00:00:00 ; elapsed = 00:00:00.001 . Memory (MB): peak = 1283.930 ; gain = 0.000
INFO: [Project 1-111] Unisim Transformation Summary:
No Unisim elements were transformed.

7 Infos, 6 Warnings, 6 Critical Warnings and 0 Errors encountered.
link_design completed successfully
link_design: Time (s): cpu = 00:00:05 ; elapsed = 00:00:05 . Memory (MB): peak = 1283.930 ; gain = 0.000
Command: opt_design
Attempting to get a license for feature 'Implementation' and/or device 'xc7a35t'
INFO: [Common 17-349] Got license for feature 'Implementation' and/or device 'xc7a35t'
Running DRC as a precondition to command opt_design

Starting DRC Task
INFO: [DRC 23-27] Running DRC with 2 threads
INFO: [Project 1-461] DRC finished with 0 Errors
INFO: [Project 1-462] Please refer to the DRC report (report_drc) for more information.

Time (s): cpu = 00:00:01 ; elapsed = 00:00:00.777 . Memory (MB): peak = 1283.930 ; gain = 0.000

Starting Cache Timing Information Task
INFO: [Timing 38-35] Done setting XDC timing constraints.
Ending Cache Timing Information Task | Checksum: 2023d7574

Time (s): cpu = 00:00:06 ; elapsed = 00:00:07 . Memory (MB): peak = 1476.156 ; gain = 192.227

Starting Logic Optimization Task

Phase 1 Retarget
INFO: [Opt 31-138] Pushed 0 inverter(s) to 0 load pin(s).
In IDDR TRANSFORM
INFO: [Opt 31-49] Retargeted 0 cell(s).
Phase 1 Retarget | Checksum: 2023d7574

Time (s): cpu = 00:00:00 ; elapsed = 00:00:00.033 . Memory (MB): peak = 1785.496 ; gain = 0.000
INFO: [Opt 31-389] Phase Retarget created 0 cells and removed 0 cells

Phase 2 Constant propagation
INFO: [Opt 31-138] Pushed 0 inverter(s) to 0 load pin(s).
Phase 2 Constant propagation | Checksum: 2023d7574

Time (s): cpu = 00:00:00 ; elapsed = 00:00:00.037 . Memory (MB): peak = 1785.496 ; gain = 0.000
INFO: [Opt 31-389] Phase Constant propagation created 0 cells and removed 0 cells

Phase 3 Sweep
Phase 3 Sweep | Checksum: 153e001cd

Time (s): cpu = 00:00:00 ; elapsed = 00:00:00.047 . Memory (MB): peak = 1785.496 ; gain = 0.000
INFO: [Opt 31-389] Phase Sweep created 0 cells and removed 0 cells

Phase 4 BUFG optimization
Phase 4 BUFG optimization | Checksum: 153e001cd

Time (s): cpu = 00:00:00 ; elapsed = 00:00:00.121 . Memory (MB): peak = 1785.496 ; gain = 0.000
INFO: [Opt 31-662] Phase BUFG optimization created 0 cells of which 0 are BUFGs and removed 0 cells.

Phase 5 Shift Register Optimization
INFO: [Opt 31-1064] SRL Remap converted 0 SRLs to 0 registers and converted 0 registers of register chains to 0 SRLs
Phase 5 Shift Register Optimization | Checksum: 153e001cd

Time (s): cpu = 00:00:00 ; elapsed = 00:00:00.125 . Memory (MB): peak = 1785.496 ; gain = 0.000
INFO: [Opt 31-389] Phase Shift Register Optimization created 0 cells and removed 0 cells

Phase 6 Post Processing Netlist
Phase 6 Post Processing Netlist | Checksum: 153e001cd

Time (s): cpu = 00:00:00 ; elapsed = 00:00:00.129 . Memory (MB): peak = 1785.496 ; gain = 0.000
INFO: [Opt 31-389] Phase Post Processing Netlist created 0 cells and removed 0 cells
Opt_design Change Summary
=========================


-------------------------------------------------------------------------------------------------------------------------
|  Phase                        |  #Cells created  |  #Cells Removed  |  #Constrained objects preventing optimizations  |
-------------------------------------------------------------------------------------------------------------------------
|  Retarget                     |               0  |               0  |                                              0  |
|  Constant propagation         |               0  |               0  |                                              0  |
|  Sweep                        |               0  |               0  |                                              0  |
|  BUFG optimization            |               0  |               0  |                                              0  |
|  Shift Register Optimization  |               0  |               0  |                                              0  |
|  Post Processing Netlist      |               0  |               0  |                                              0  |
-------------------------------------------------------------------------------------------------------------------------



Starting Connectivity Check Task

Time (s): cpu = 00:00:00 ; elapsed = 00:00:00.001 . Memory (MB): peak = 1785.496 ; gain = 0.000
Ending Logic Optimization Task | Checksum: 18f408723

Time (s): cpu = 00:00:00 ; elapsed = 00:00:00.155 . Memory (MB): peak = 1785.496 ; gain = 0.000

Starting Power Optimization Task
INFO: [Pwropt 34-132] Skipping clock gating for clocks with a period < 2.00 ns.
Ending Power Optimization Task | Checksum: 18f408723

Time (s): cpu = 00:00:00 ; elapsed = 00:00:00.007 . Memory (MB): peak = 1785.496 ; gain = 0.000

Starting Final Cleanup Task
Ending Final Cleanup Task | Checksum: 18f408723

Time (s): cpu = 00:00:00 ; elapsed = 00:00:00 . Memory (MB): peak = 1785.496 ; gain = 0.000

Starting Netlist Obfuscation Task
Netlist sorting complete. Time (s): cpu = 00:00:00 ; elapsed = 00:00:00 . Memory (MB): peak = 1785.496 ; gain = 0.000
Ending Netlist Obfuscation Task | Checksum: 18f408723

Time (s): cpu = 00:00:00 ; elapsed = 00:00:00.001 . Memory (MB): peak = 1785.496 ; gain = 0.000
INFO: [Common 17-83] Releasing license: Implementation
24 Infos, 6 Warnings, 6 Critical Warnings and 0 Errors encountered.
opt_design completed successfully
opt_design: Time (s): cpu = 00:00:10 ; elapsed = 00:00:11 . Memory (MB): peak = 1785.496 ; gain = 501.566
INFO: [Timing 38-480] Writing timing data to binary archive.
Writing XDEF routing.
Writing XDEF routing logical nets.
Writing XDEF routing special nets.
Write XDEF Complete: Time (s): cpu = 00:00:00 ; elapsed = 00:00:00.046 . Memory (MB): peak = 1785.496 ; gain = 0.000
INFO: [Common 17-1381] The checkpoint 'C:/Users/youssef3453/sequential_8_bit_multipier/sequential_8_bit_multipier.runs/impl_1/Scanner_opt.dcp' has been generated.
INFO: [runtcl-4] Executing : report_drc -file Scanner_drc_opted.rpt -pb Scanner_drc_opted.pb -rpx Scanner_drc_opted.rpx
Command: report_drc -file Scanner_drc_opted.rpt -pb Scanner_drc_opted.pb -rpx Scanner_drc_opted.rpx
INFO: [IP_Flow 19-234] Refreshing IP repositories
INFO: [IP_Flow 19-1704] No user IP repositories specified
INFO: [IP_Flow 19-2313] Loaded Vivado IP repository 'C:/Xilinx/Vivado/2022.1/data/ip'.
INFO: [Timing 38-35] Done setting XDC timing constraints.
INFO: [DRC 23-27] Running DRC with 2 threads
INFO: [Vivado_Tcl 2-168] The results of DRC are in file C:/Users/youssef3453/sequential_8_bit_multipier/sequential_8_bit_multipier.runs/impl_1/Scanner_drc_opted.rpt.
report_drc completed successfully
Command: place_design
Attempting to get a license for feature 'Implementation' and/or device 'xc7a35t'
INFO: [Common 17-349] Got license for feature 'Implementation' and/or device 'xc7a35t'
INFO: [DRC 23-27] Running DRC with 2 threads
INFO: [Vivado_Tcl 4-198] DRC finished with 0 Errors
INFO: [Vivado_Tcl 4-199] Please refer to the DRC report (report_drc) for more information.
Running DRC as a precondition to command place_design
INFO: [DRC 23-27] Running DRC with 2 threads
INFO: [Vivado_Tcl 4-198] DRC finished with 0 Errors
INFO: [Vivado_Tcl 4-199] Please refer to the DRC report (report_drc) for more information.

Starting Placer Task
INFO: [Place 30-611] Multithreading enabled for place_design using a maximum of 2 CPUs

Phase 1 Placer Initialization

Phase 1.1 Placer Initialization Netlist Sorting
Netlist sorting complete. Time (s): cpu = 00:00:00 ; elapsed = 00:00:00.001 . Memory (MB): peak = 1828.715 ; gain = 0.000
Phase 1.1 Placer Initialization Netlist Sorting | Checksum: 15184ac21

Time (s): cpu = 00:00:00 ; elapsed = 00:00:00.015 . Memory (MB): peak = 1828.715 ; gain = 0.000
Netlist sorting complete. Time (s): cpu = 00:00:00 ; elapsed = 00:00:00 . Memory (MB): peak = 1828.715 ; gain = 0.000

Phase 1.2 IO Placement/ Clock Placement/ Build Placer Device
Phase 1.2 IO Placement/ Clock Placement/ Build Placer Device | Checksum: 19344ed8c

Time (s): cpu = 00:00:00 ; elapsed = 00:00:00.231 . Memory (MB): peak = 1828.715 ; gain = 0.000

Phase 1.3 Build Placer Netlist Model
Phase 1.3 Build Placer Netlist Model | Checksum: 24e181b67

Time (s): cpu = 00:00:00 ; elapsed = 00:00:00.265 . Memory (MB): peak = 1828.715 ; gain = 0.000

Phase 1.4 Constrain Clocks/Macros
Phase 1.4 Constrain Clocks/Macros | Checksum: 24e181b67

Time (s): cpu = 00:00:00 ; elapsed = 00:00:00.268 . Memory (MB): peak = 1828.715 ; gain = 0.000
Phase 1 Placer Initialization | Checksum: 24e181b67

Time (s): cpu = 00:00:00 ; elapsed = 00:00:00.270 . Memory (MB): peak = 1828.715 ; gain = 0.000

Phase 2 Global Placement

Phase 2.1 Floorplanning
Phase 2.1 Floorplanning | Checksum: 24e181b67

Time (s): cpu = 00:00:00 ; elapsed = 00:00:00.271 . Memory (MB): peak = 1828.715 ; gain = 0.000

Phase 2.2 Update Timing before SLR Path Opt
Phase 2.2 Update Timing before SLR Path Opt | Checksum: 24e181b67

Time (s): cpu = 00:00:00 ; elapsed = 00:00:00.272 . Memory (MB): peak = 1828.715 ; gain = 0.000

Phase 2.3 Post-Processing in Floorplanning
Phase 2.3 Post-Processing in Floorplanning | Checksum: 24e181b67

Time (s): cpu = 00:00:00 ; elapsed = 00:00:00.273 . Memory (MB): peak = 1828.715 ; gain = 0.000

Phase 2.4 Global Placement Core
WARNING: [Place 46-29] place_design is not in timing mode. Skip physical synthesis in placer
Phase 2.4 Global Placement Core | Checksum: 1d2c282ba

Time (s): cpu = 00:00:02 ; elapsed = 00:00:01 . Memory (MB): peak = 1828.715 ; gain = 0.000
Phase 2 Global Placement | Checksum: 1d2c282ba

Time (s): cpu = 00:00:02 ; elapsed = 00:00:01 . Memory (MB): peak = 1828.715 ; gain = 0.000

Phase 3 Detail Placement

Phase 3.1 Commit Multi Column Macros
Phase 3.1 Commit Multi Column Macros | Checksum: 1d2c282ba

Time (s): cpu = 00:00:02 ; elapsed = 00:00:01 . Memory (MB): peak = 1828.715 ; gain = 0.000

Phase 3.2 Commit Most Macros & LUTRAMs
Phase 3.2 Commit Most Macros & LUTRAMs | Checksum: 216207895

Time (s): cpu = 00:00:02 ; elapsed = 00:00:01 . Memory (MB): peak = 1828.715 ; gain = 0.000

Phase 3.3 Area Swap Optimization
Phase 3.3 Area Swap Optimization | Checksum: 27da6ddec

Time (s): cpu = 00:00:02 ; elapsed = 00:00:01 . Memory (MB): peak = 1828.715 ; gain = 0.000

Phase 3.4 Pipeline Register Optimization
Phase 3.4 Pipeline Register Optimization | Checksum: 27da6ddec

Time (s): cpu = 00:00:02 ; elapsed = 00:00:01 . Memory (MB): peak = 1828.715 ; gain = 0.000

Phase 3.5 Small Shape Detail Placement
Phase 3.5 Small Shape Detail Placement | Checksum: 22b751f20

Time (s): cpu = 00:00:02 ; elapsed = 00:00:01 . Memory (MB): peak = 1828.715 ; gain = 0.000

Phase 3.6 Re-assign LUT pins
Phase 3.6 Re-assign LUT pins | Checksum: 22b751f20

Time (s): cpu = 00:00:02 ; elapsed = 00:00:01 . Memory (MB): peak = 1828.715 ; gain = 0.000

Phase 3.7 Pipeline Register Optimization
Phase 3.7 Pipeline Register Optimization | Checksum: 22b751f20

Time (s): cpu = 00:00:02 ; elapsed = 00:00:01 . Memory (MB): peak = 1828.715 ; gain = 0.000
Phase 3 Detail Placement | Checksum: 22b751f20

Time (s): cpu = 00:00:02 ; elapsed = 00:00:01 . Memory (MB): peak = 1828.715 ; gain = 0.000

Phase 4 Post Placement Optimization and Clean-Up

Phase 4.1 Post Commit Optimization
Phase 4.1 Post Commit Optimization | Checksum: 22b751f20

Time (s): cpu = 00:00:02 ; elapsed = 00:00:01 . Memory (MB): peak = 1828.715 ; gain = 0.000

Phase 4.2 Post Placement Cleanup
Phase 4.2 Post Placement Cleanup | Checksum: 22b751f20

Time (s): cpu = 00:00:02 ; elapsed = 00:00:01 . Memory (MB): peak = 1828.715 ; gain = 0.000

Phase 4.3 Placer Reporting

Phase 4.3.1 Print Estimated Congestion
INFO: [Place 30-612] Post-Placement Estimated Congestion 
 ____________________________________________________
|           | Global Congestion | Short Congestion  |
| Direction | Region Size       | Region Size       |
|___________|___________________|___________________|
|      North|                1x1|                1x1|
|___________|___________________|___________________|
|      South|                1x1|                1x1|
|___________|___________________|___________________|
|       East|                1x1|                1x1|
|___________|___________________|___________________|
|       West|                1x1|                1x1|
|___________|___________________|___________________|

Phase 4.3.1 Print Estimated Congestion | Checksum: 22b751f20

Time (s): cpu = 00:00:02 ; elapsed = 00:00:01 . Memory (MB): peak = 1828.715 ; gain = 0.000
Phase 4.3 Placer Reporting | Checksum: 22b751f20

Time (s): cpu = 00:00:02 ; elapsed = 00:00:01 . Memory (MB): peak = 1828.715 ; gain = 0.000

Phase 4.4 Final Placement Cleanup
Netlist sorting complete. Time (s): cpu = 00:00:00 ; elapsed = 00:00:00 . Memory (MB): peak = 1828.715 ; gain = 0.000

Time (s): cpu = 00:00:02 ; elapsed = 00:00:01 . Memory (MB): peak = 1828.715 ; gain = 0.000
Phase 4 Post Placement Optimization and Clean-Up | Checksum: 1690be5d1

Time (s): cpu = 00:00:02 ; elapsed = 00:00:01 . Memory (MB): peak = 1828.715 ; gain = 0.000
Ending Placer Task | Checksum: e56533c1

Time (s): cpu = 00:00:02 ; elapsed = 00:00:01 . Memory (MB): peak = 1828.715 ; gain = 0.000
INFO: [Common 17-83] Releasing license: Implementation
43 Infos, 7 Warnings, 6 Critical Warnings and 0 Errors encountered.
place_design completed successfully
INFO: [Timing 38-480] Writing timing data to binary archive.
Writing XDEF routing.
Writing XDEF routing logical nets.
Writing XDEF routing special nets.
Write XDEF Complete: Time (s): cpu = 00:00:00 ; elapsed = 00:00:00.081 . Memory (MB): peak = 1828.715 ; gain = 0.000
INFO: [Common 17-1381] The checkpoint 'C:/Users/youssef3453/sequential_8_bit_multipier/sequential_8_bit_multipier.runs/impl_1/Scanner_placed.dcp' has been generated.
INFO: [runtcl-4] Executing : report_io -file Scanner_io_placed.rpt
report_io: Time (s): cpu = 00:00:00 ; elapsed = 00:00:00.042 . Memory (MB): peak = 1828.715 ; gain = 0.000
INFO: [runtcl-4] Executing : report_utilization -file Scanner_utilization_placed.rpt -pb Scanner_utilization_placed.pb
INFO: [runtcl-4] Executing : report_control_sets -verbose -file Scanner_control_sets_placed.rpt
report_control_sets: Time (s): cpu = 00:00:00 ; elapsed = 00:00:00.002 . Memory (MB): peak = 1828.715 ; gain = 0.000
Command: phys_opt_design
Attempting to get a license for feature 'Implementation' and/or device 'xc7a35t'
INFO: [Common 17-349] Got license for feature 'Implementation' and/or device 'xc7a35t'
INFO: [Vivado_Tcl 4-235] No timing constraint found. The netlist was not modified.
INFO: [Common 17-83] Releasing license: Implementation
51 Infos, 7 Warnings, 6 Critical Warnings and 0 Errors encountered.
phys_opt_design completed successfully
INFO: [Timing 38-480] Writing timing data to binary archive.
Writing XDEF routing.
Writing XDEF routing logical nets.
Writing XDEF routing special nets.
Write XDEF Complete: Time (s): cpu = 00:00:00 ; elapsed = 00:00:00.091 . Memory (MB): peak = 1828.715 ; gain = 0.000
INFO: [Common 17-1381] The checkpoint 'C:/Users/youssef3453/sequential_8_bit_multipier/sequential_8_bit_multipier.runs/impl_1/Scanner_physopt.dcp' has been generated.
Command: route_design
Attempting to get a license for feature 'Implementation' and/or device 'xc7a35t'
INFO: [Common 17-349] Got license for feature 'Implementation' and/or device 'xc7a35t'
Running DRC as a precondition to command route_design
INFO: [DRC 23-27] Running DRC with 2 threads
INFO: [Vivado_Tcl 4-198] DRC finished with 0 Errors
INFO: [Vivado_Tcl 4-199] Please refer to the DRC report (report_drc) for more information.


Starting Routing Task
INFO: [Route 35-254] Multithreading enabled for route_design using a maximum of 2 CPUs

Phase 1 Build RT Design
Checksum: PlaceDB: c43ef8d2 ConstDB: 0 ShapeSum: 21263aef RouteDB: 0
Post Restoration Checksum: NetGraph: 391a22b7 NumContArr: 2e36c19d Constraints: 0 Timing: 0
Phase 1 Build RT Design | Checksum: 6750e454

Time (s): cpu = 00:00:19 ; elapsed = 00:00:17 . Memory (MB): peak = 1908.949 ; gain = 72.727

Phase 2 Router Initialization
INFO: [Route 35-64] No timing constraints were detected. The router will operate in resource-optimization mode.

Phase 2.1 Fix Topology Constraints
Phase 2.1 Fix Topology Constraints | Checksum: 6750e454

Time (s): cpu = 00:00:19 ; elapsed = 00:00:17 . Memory (MB): peak = 1915.000 ; gain = 78.777

Phase 2.2 Pre Route Cleanup
Phase 2.2 Pre Route Cleanup | Checksum: 6750e454

Time (s): cpu = 00:00:19 ; elapsed = 00:00:17 . Memory (MB): peak = 1915.000 ; gain = 78.777
 Number of Nodes with overlaps = 0

Router Utilization Summary
  Global Vertical Routing Utilization    = 0 %
  Global Horizontal Routing Utilization  = 0 %
  Routable Net Status*
  *Does not include unroutable nets such as driverless and loadless.
  Run report_route_status for detailed report.
  Number of Failed Nets               = 503
    (Failed Nets is the sum of unrouted and partially routed nets)
  Number of Unrouted Nets             = 503
  Number of Partially Routed Nets     = 0
  Number of Node Overlaps             = 0

Phase 2 Router Initialization | Checksum: 76299607

Time (s): cpu = 00:00:20 ; elapsed = 00:00:17 . Memory (MB): peak = 1921.477 ; gain = 85.254

Phase 3 Initial Routing

Phase 3.1 Global Routing
Phase 3.1 Global Routing | Checksum: 76299607

Time (s): cpu = 00:00:20 ; elapsed = 00:00:17 . Memory (MB): peak = 1921.477 ; gain = 85.254
Phase 3 Initial Routing | Checksum: 164aa3b9d

Time (s): cpu = 00:00:20 ; elapsed = 00:00:17 . Memory (MB): peak = 1921.477 ; gain = 85.254

Phase 4 Rip-up And Reroute

Phase 4.1 Global Iteration 0
 Number of Nodes with overlaps = 13
 Number of Nodes with overlaps = 0
Phase 4.1 Global Iteration 0 | Checksum: caca59e5

Time (s): cpu = 00:00:20 ; elapsed = 00:00:17 . Memory (MB): peak = 1921.477 ; gain = 85.254
Phase 4 Rip-up And Reroute | Checksum: caca59e5

Time (s): cpu = 00:00:20 ; elapsed = 00:00:17 . Memory (MB): peak = 1921.477 ; gain = 85.254

Phase 5 Delay and Skew Optimization
Phase 5 Delay and Skew Optimization | Checksum: caca59e5

Time (s): cpu = 00:00:20 ; elapsed = 00:00:17 . Memory (MB): peak = 1921.477 ; gain = 85.254

Phase 6 Post Hold Fix

Phase 6.1 Hold Fix Iter
Phase 6.1 Hold Fix Iter | Checksum: caca59e5

Time (s): cpu = 00:00:20 ; elapsed = 00:00:17 . Memory (MB): peak = 1921.477 ; gain = 85.254
Phase 6 Post Hold Fix | Checksum: caca59e5

Time (s): cpu = 00:00:20 ; elapsed = 00:00:17 . Memory (MB): peak = 1921.477 ; gain = 85.254

Phase 7 Route finalize

Router Utilization Summary
  Global Vertical Routing Utilization    = 0.108028 %
  Global Horizontal Routing Utilization  = 0.144196 %
  Routable Net Status*
  *Does not include unroutable nets such as driverless and loadless.
  Run report_route_status for detailed report.
  Number of Failed Nets               = 0
    (Failed Nets is the sum of unrouted and partially routed nets)
  Number of Unrouted Nets             = 0
  Number of Partially Routed Nets     = 0
  Number of Node Overlaps             = 0

Congestion Report
North Dir 1x1 Area, Max Cong = 27.9279%, No Congested Regions.
South Dir 1x1 Area, Max Cong = 21.6216%, No Congested Regions.
East Dir 1x1 Area, Max Cong = 22.0588%, No Congested Regions.
West Dir 1x1 Area, Max Cong = 23.5294%, No Congested Regions.

------------------------------
Reporting congestion hotspots
------------------------------
Direction: North
----------------
Congested clusters found at Level 0
Effective congestion level: 0 Aspect Ratio: 1 Sparse Ratio: 0
Direction: South
----------------
Congested clusters found at Level 0
Effective congestion level: 0 Aspect Ratio: 1 Sparse Ratio: 0
Direction: East
----------------
Congested clusters found at Level 0
Effective congestion level: 0 Aspect Ratio: 1 Sparse Ratio: 0
Direction: West
----------------
Congested clusters found at Level 0
Effective congestion level: 0 Aspect Ratio: 1 Sparse Ratio: 0

Phase 7 Route finalize | Checksum: caca59e5

Time (s): cpu = 00:00:20 ; elapsed = 00:00:18 . Memory (MB): peak = 1921.477 ; gain = 85.254

Phase 8 Verifying routed nets

 Verification completed successfully
Phase 8 Verifying routed nets | Checksum: caca59e5

Time (s): cpu = 00:00:20 ; elapsed = 00:00:18 . Memory (MB): peak = 1921.477 ; gain = 85.254

Phase 9 Depositing Routes
Phase 9 Depositing Routes | Checksum: 1553cca97

Time (s): cpu = 00:00:20 ; elapsed = 00:00:18 . Memory (MB): peak = 1921.477 ; gain = 85.254
INFO: [Route 35-16] Router Completed Successfully

Time (s): cpu = 00:00:20 ; elapsed = 00:00:18 . Memory (MB): peak = 1921.477 ; gain = 85.254

Routing Is Done.
INFO: [Common 17-83] Releasing license: Implementation
61 Infos, 7 Warnings, 6 Critical Warnings and 0 Errors encountered.
route_design completed successfully
route_design: Time (s): cpu = 00:00:21 ; elapsed = 00:00:18 . Memory (MB): peak = 1921.477 ; gain = 92.762
INFO: [Timing 38-480] Writing timing data to binary archive.
Writing XDEF routing.
Writing XDEF routing logical nets.
Writing XDEF routing special nets.
Write XDEF Complete: Time (s): cpu = 00:00:00 ; elapsed = 00:00:00.085 . Memory (MB): peak = 1932.746 ; gain = 11.270
INFO: [Common 17-1381] The checkpoint 'C:/Users/youssef3453/sequential_8_bit_multipier/sequential_8_bit_multipier.runs/impl_1/Scanner_routed.dcp' has been generated.
INFO: [runtcl-4] Executing : report_drc -file Scanner_drc_routed.rpt -pb Scanner_drc_routed.pb -rpx Scanner_drc_routed.rpx
Command: report_drc -file Scanner_drc_routed.rpt -pb Scanner_drc_routed.pb -rpx Scanner_drc_routed.rpx
INFO: [IP_Flow 19-1839] IP Catalog is up to date.
INFO: [DRC 23-27] Running DRC with 2 threads
INFO: [Vivado_Tcl 2-168] The results of DRC are in file C:/Users/youssef3453/sequential_8_bit_multipier/sequential_8_bit_multipier.runs/impl_1/Scanner_drc_routed.rpt.
report_drc completed successfully
INFO: [runtcl-4] Executing : report_methodology -file Scanner_methodology_drc_routed.rpt -pb Scanner_methodology_drc_routed.pb -rpx Scanner_methodology_drc_routed.rpx
Command: report_methodology -file Scanner_methodology_drc_routed.rpt -pb Scanner_methodology_drc_routed.pb -rpx Scanner_methodology_drc_routed.rpx
INFO: [Timing 38-35] Done setting XDC timing constraints.
INFO: [DRC 23-133] Running Methodology with 2 threads
INFO: [Vivado_Tcl 2-1520] The results of Report Methodology are in file C:/Users/youssef3453/sequential_8_bit_multipier/sequential_8_bit_multipier.runs/impl_1/Scanner_methodology_drc_routed.rpt.
report_methodology completed successfully
INFO: [runtcl-4] Executing : report_power -file Scanner_power_routed.rpt -pb Scanner_power_summary_routed.pb -rpx Scanner_power_routed.rpx
Command: report_power -file Scanner_power_routed.rpt -pb Scanner_power_summary_routed.pb -rpx Scanner_power_routed.rpx
INFO: [Timing 38-35] Done setting XDC timing constraints.
WARNING: [Power 33-232] No user defined clocks were found in the design! Power estimation will be inaccurate until this is corrected.
Resolution: Please specify clocks using create_clock/create_generated_clock for sequential elements. For pure combinatorial circuits, please specify a virtual clock, otherwise the vectorless estimation might be inaccurate
Running Vector-less Activity Propagation...

Finished Running Vector-less Activity Propagation
73 Infos, 8 Warnings, 6 Critical Warnings and 0 Errors encountered.
report_power completed successfully
INFO: [runtcl-4] Executing : report_route_status -file Scanner_route_status.rpt -pb Scanner_route_status.pb
INFO: [runtcl-4] Executing : report_timing_summary -max_paths 10 -report_unconstrained -file Scanner_timing_summary_routed.rpt -pb Scanner_timing_summary_routed.pb -rpx Scanner_timing_summary_routed.rpx -warn_on_violation 
INFO: [Timing 38-91] UpdateTimingParams: Speed grade: -1, Delay Type: min_max.
INFO: [Timing 38-191] Multithreading enabled for timing update using a maximum of 2 CPUs
WARNING: [Timing 38-313] There are no user specified timing constraints. Timing constraints are needed for proper timing analysis.
INFO: [runtcl-4] Executing : report_incremental_reuse -file Scanner_incremental_reuse_routed.rpt
INFO: [Vivado_Tcl 4-1062] Incremental flow is disabled. No incremental reuse Info to report.
INFO: [runtcl-4] Executing : report_clock_utilization -file Scanner_clock_utilization_routed.rpt
INFO: [runtcl-4] Executing : report_bus_skew -warn_on_violation -file Scanner_bus_skew_routed.rpt -pb Scanner_bus_skew_routed.pb -rpx Scanner_bus_skew_routed.rpx
INFO: [Timing 38-91] UpdateTimingParams: Speed grade: -1, Delay Type: min_max.
INFO: [Timing 38-191] Multithreading enabled for timing update using a maximum of 2 CPUs
INFO: [Common 17-206] Exiting Vivado at Sat May 20 21:17:28 2023...

*** Running vivado
    with args -log Scanner.vdi -applog -m64 -product Vivado -messageDb vivado.pb -mode batch -source Scanner.tcl -notrace



****** Vivado v2022.1 (64-bit)
  **** SW Build 3526262 on Mon Apr 18 15:48:16 MDT 2022
  **** IP Build 3524634 on Mon Apr 18 20:55:01 MDT 2022
    ** Copyright 1986-2022 Xilinx, Inc. All Rights Reserved.

source Scanner.tcl -notrace
Command: open_checkpoint Scanner_routed.dcp
INFO: [Device 21-403] Loading part xc7a35tcpg236-1
Netlist sorting complete. Time (s): cpu = 00:00:00 ; elapsed = 00:00:00.005 . Memory (MB): peak = 1284.137 ; gain = 0.000
INFO: [Netlist 29-17] Analyzing 44 Unisim elements for replacement
INFO: [Netlist 29-28] Unisim Transformation completed in 0 CPU seconds
INFO: [Project 1-479] Netlist was created with Vivado 2022.1
INFO: [Project 1-570] Preparing netlist for logic optimization
INFO: [Timing 38-478] Restoring timing data from binary archive.
INFO: [Timing 38-479] Binary timing data restore complete.
INFO: [Project 1-856] Restoring constraints from binary archive.
INFO: [Project 1-853] Binary constraint restore complete.
Reading XDEF placement.
Reading placer database...
Reading XDEF routing.
Read XDEF Files: Time (s): cpu = 00:00:00 ; elapsed = 00:00:00.114 . Memory (MB): peak = 1473.312 ; gain = 15.527
Restored from archive | CPU: 0.000000 secs | Memory: 0.000000 MB |
Finished XDEF File Restore: Time (s): cpu = 00:00:00 ; elapsed = 00:00:00.115 . Memory (MB): peak = 1473.312 ; gain = 15.527
Netlist sorting complete. Time (s): cpu = 00:00:00 ; elapsed = 00:00:00.001 . Memory (MB): peak = 1473.312 ; gain = 0.000
INFO: [Project 1-111] Unisim Transformation Summary:
No Unisim elements were transformed.

INFO: [Project 1-604] Checkpoint was created with Vivado v2022.1 (64-bit) build 3526262
open_checkpoint: Time (s): cpu = 00:00:16 ; elapsed = 00:00:17 . Memory (MB): peak = 1473.312 ; gain = 189.176
Command: write_bitstream -force Scanner.bit
Attempting to get a license for feature 'Implementation' and/or device 'xc7a35t'
INFO: [Common 17-349] Got license for feature 'Implementation' and/or device 'xc7a35t'
Running DRC as a precondition to command write_bitstream
INFO: [IP_Flow 19-234] Refreshing IP repositories
INFO: [IP_Flow 19-1704] No user IP repositories specified
INFO: [IP_Flow 19-2313] Loaded Vivado IP repository 'C:/Xilinx/Vivado/2022.1/data/ip'.
INFO: [DRC 23-27] Running DRC with 2 threads
WARNING: [DRC CFGBVS-1] Missing CFGBVS and CONFIG_VOLTAGE Design Properties: Neither the CFGBVS nor CONFIG_VOLTAGE voltage property is set in the current_design.  Configuration bank voltage select (CFGBVS) must be set to VCCO or GND, and CONFIG_VOLTAGE must be set to the correct configuration voltage, in order to determine the I/O voltage support for the pins in bank 0.  It is suggested to specify these either using the 'Edit Device Properties' function in the GUI or directly in the XDC file using the following syntax:

 set_property CFGBVS value1 [current_design]
 #where value1 is either VCCO or GND

 set_property CONFIG_VOLTAGE value2 [current_design]
 #where value2 is the voltage provided to configuration bank 0

Refer to the device configuration user guide for more information.
INFO: [Vivado 12-3199] DRC finished with 0 Errors, 1 Warnings
INFO: [Vivado 12-3200] Please refer to the DRC report (report_drc) for more information.
INFO: [Designutils 20-2272] Running write_bitstream with 2 threads.
Loading data files...
Loading site data...
Loading route data...
Processing options...
Creating bitmap...
Creating bitstream...
Writing bitstream ./Scanner.bit...
INFO: [Vivado 12-1842] Bitgen Completed Successfully.
INFO: [Project 1-1876] WebTalk data collection is mandatory when using a ULT device. To see the specific WebTalk data collected for your design, open the usage_statistics_webtalk.html or usage_statistics_webtalk.xml file in the implementation directory.
INFO: [Common 17-83] Releasing license: Implementation
22 Infos, 1 Warnings, 0 Critical Warnings and 0 Errors encountered.
write_bitstream completed successfully
write_bitstream: Time (s): cpu = 00:00:12 ; elapsed = 00:00:11 . Memory (MB): peak = 1955.828 ; gain = 482.516
INFO: [Common 17-206] Exiting Vivado at Sat May 20 21:18:17 2023...
